<?xml version="1.0" encoding="UTF-8"?>
<testsuite xmlns:xsi="http://www.w3.org/2001/XMLSchema-instance" xsi:noNamespaceSchemaLocation="https://maven.apache.org/surefire/maven-surefire-plugin/xsd/surefire-test-report-3.0.xsd" version="3.0" name="com.banking.qa.runners.TestRunner" time="116.346" tests="23" errors="0" skipped="0" failures="3">
  <properties>
[...]
</properties>
  <testcase name="Verificar integridade referencial entre conta e cliente" classname="Validações de Banco de Dados (SQL / DB2)" time="0.446">
    <system-out><![CDATA[
@banco_de_dados @sql @positivo
Cenário: Verificar integridade referencial entre conta e cliente           &amp#27;[90m# features/banco_de_dados.feature:9&amp#27;[0m
Iniciando cenário: Verificar integridade referencial entre conta e cliente
  &amp#27;[32mDado &amp#27;[0m&amp#27;[32mque o banco de dados está disponível&amp#27;[0m                                &amp#27;[90m# com.banking.qa.steps.DatabaseSteps.bancoDadosDisponivel()&amp#27;[0m
  &amp#27;[32mQuando &amp#27;[0m&amp#27;[32mexecuto a query de validação de integridade referencial de contas&amp#27;[0m &amp#27;[90m# com.banking.qa.steps.DatabaseSteps.executaQueryIntegridadeContas()&amp#27;[0m
Integridade referencial conta-cliente: OK
  &amp#27;[32mEntão &amp#27;[0m&amp#27;[32mnão deve existir conta sem cliente associado&amp#27;[0m                       &amp#27;[90m# com.banking.qa.steps.DatabaseSteps.naoDeveExistirContaSemCliente()&amp#27;[0m
]]></system-out>
  </testcase>
  <testcase name="Verificar saldo negativo indevido" classname="Validações de Banco de Dados (SQL / DB2)" time="0.02">
    <system-out><![CDATA[
@banco_de_dados @sql @positivo
Cenário: Verificar saldo negativo indevido                               &amp#27;[90m# features/banco_de_dados.feature:15&amp#27;[0m
Iniciando cenário: Verificar saldo negativo indevido
  &amp#27;[32mDado &amp#27;[0m&amp#27;[32mque o banco de dados está disponível&amp#27;[0m                              &amp#27;[90m# com.banking.qa.steps.DatabaseSteps.bancoDadosDisponivel()&amp#27;[0m
  &amp#27;[32mQuando &amp#27;[0m&amp#27;[32mexecuto a query de verificação de saldo negativo&amp#27;[0m                &amp#27;[90m# com.banking.qa.steps.DatabaseSteps.executaQuerySaldoNegativo()&amp#27;[0m
Validação de saldo negativo: OK
  &amp#27;[32mEntão &amp#27;[0m&amp#27;[32mnão deve existir conta com saldo negativo sem ser conta especial&amp#27;[0m &amp#27;[90m# com.banking.qa.steps.DatabaseSteps.naoDeveExistirSaldoNegativoIndevido()&amp#27;[0m
]]></system-out>
  </testcase>
  <testcase name="Verificar consistência de transações" classname="Validações de Banco de Dados (SQL / DB2)" time="0.014">
    <system-out><![CDATA[
@banco_de_dados @sql @positivo
Cenário: Verificar consistência de transações          &amp#27;[90m# features/banco_de_dados.feature:21&amp#27;[0m
Iniciando cenário: Verificar consistência de transações
  &amp#27;[32mDado &amp#27;[0m&amp#27;[32mque o banco de dados está disponível&amp#27;[0m            &amp#27;[90m# com.banking.qa.steps.DatabaseSteps.bancoDadosDisponivel()&amp#27;[0m
  &amp#27;[32mQuando &amp#27;[0m&amp#27;[32mexecuto a query de consistência de transações&amp#27;[0m &amp#27;[90m# com.banking.qa.steps.DatabaseSteps.executaQueryConsistenciaTransacoes()&amp#27;[0m
Consistência de transações: OK
  &amp#27;[32mEntão &amp#27;[0m&amp#27;[32mtoda transação deve ter conta de origem válida&amp#27;[0m &amp#27;[90m# com.banking.qa.steps.DatabaseSteps.transacoesDevemTerContaValida()&amp#27;[0m
]]></system-out>
  </testcase>
  <testcase name="Contar total de clientes ativos" classname="Validações de Banco de Dados (SQL / DB2)" time="0.013">
    <system-out><![CDATA[
@banco_de_dados @sql @positivo
Cenário: Contar total de clientes ativos       &amp#27;[90m# features/banco_de_dados.feature:27&amp#27;[0m
Iniciando cenário: Contar total de clientes ativos
  &amp#27;[32mDado &amp#27;[0m&amp#27;[32mque o banco de dados está disponível&amp#27;[0m    &amp#27;[90m# com.banking.qa.steps.DatabaseSteps.bancoDadosDisponivel()&amp#27;[0m
  &amp#27;[32mQuando &amp#27;[0m&amp#27;[32mexecuto a contagem de clientes ativos&amp#27;[0m &amp#27;[90m# com.banking.qa.steps.DatabaseSteps.executaContagemClientesAtivos()&amp#27;[0m
Clientes ativos: OK
  &amp#27;[32mEntão &amp#27;[0m&amp#27;[32mo resultado deve ser maior que zero&amp#27;[0m    &amp#27;[90m# com.banking.qa.steps.DatabaseSteps.resultadoMaiorQueZero()&amp#27;[0m
]]></system-out>
  </testcase>
  <testcase name="Verificar duplicidade de CPF" classname="Validações de Banco de Dados (SQL / DB2)" time="0.014">
    <system-out><![CDATA[
@banco_de_dados @sql @positivo
Cenário: Verificar duplicidade de CPF                         &amp#27;[90m# features/banco_de_dados.feature:33&amp#27;[0m
Iniciando cenário: Verificar duplicidade de CPF
  &amp#27;[32mDado &amp#27;[0m&amp#27;[32mque o banco de dados está disponível&amp#27;[0m                   &amp#27;[90m# com.banking.qa.steps.DatabaseSteps.bancoDadosDisponivel()&amp#27;[0m
  &amp#27;[32mQuando &amp#27;[0m&amp#27;[32mexecuto a query de verificação de duplicidade de CPF&amp#27;[0m &amp#27;[90m# com.banking.qa.steps.DatabaseSteps.executaQueryDuplicidadeCPF()&amp#27;[0m
Unicidade de CPF: OK
  &amp#27;[32mEntão &amp#27;[0m&amp#27;[32mnão deve existir CPF duplicado na base de clientes&amp#27;[0m    &amp#27;[90m# com.banking.qa.steps.DatabaseSteps.naoDeveExistirCPFDuplicado()&amp#27;[0m
]]></system-out>
  </testcase>
  <testcase name="Verificar transações sem registro de auditoria" classname="Validações de Banco de Dados (SQL / DB2)" time="0.015">
    <system-out><![CDATA[
@banco_de_dados @sql @auditoria
Cenário: Verificar transações sem registro de auditoria              &amp#27;[90m# features/banco_de_dados.feature:39&amp#27;[0m
Iniciando cenário: Verificar transações sem registro de auditoria
  &amp#27;[32mDado &amp#27;[0m&amp#27;[32mque o banco de dados está disponível&amp#27;[0m                          &amp#27;[90m# com.banking.qa.steps.DatabaseSteps.bancoDadosDisponivel()&amp#27;[0m
  &amp#27;[32mQuando &amp#27;[0m&amp#27;[32mexecuto a query de auditoria de transações&amp#27;[0m                  &amp#27;[90m# com.banking.qa.steps.DatabaseSteps.executaQueryAuditoria()&amp#27;[0m
Auditoria de transações: OK
  &amp#27;[32mEntão &amp#27;[0m&amp#27;[32mtoda transação deve ter registro de auditoria correspondente&amp#27;[0m &amp#27;[90m# com.banking.qa.steps.DatabaseSteps.transacoesDevemTerAuditoria()&amp#27;[0m
]]></system-out>
  </testcase>
  <testcase name="Visualizar extrato da conta corrente" classname="Extrato e Atividade da Conta" time="7.059">
    <system-out><![CDATA[
@extrato @regressao @positivo @smoke
Cenário: Visualizar extrato da conta corrente                           &amp#27;[90m# features/extrato.feature:13&amp#27;[0m
Iniciando cenário: Visualizar extrato da conta corrente
  &amp#27;[32mDado &amp#27;[0m&amp#27;[32mque o usuário está autenticado com usuário &amp#27;[0m&amp#27;[32m&amp#27;[1m"john"&amp#27;[0m&amp#27;[32m e senha &amp#27;[0m&amp#27;[32m&amp#27;[1m"demo"&amp#27;[0m &amp#27;[90m# com.banking.qa.steps.TransferenciaSteps.usuarioAutenticado(java.lang.String,java.lang.String)&amp#27;[0m
  &amp#27;[32mE &amp#27;[0m&amp#27;[32macessa a visão geral de contas&amp#27;[0m                                      &amp#27;[90m# com.banking.qa.steps.ExtratoSteps.acessaVisaoGeralDeContas()&amp#27;[0m
  &amp#27;[32mQuando &amp#27;[0m&amp#27;[32mo usuário clica em uma conta disponível&amp#27;[0m                        &amp#27;[90m# com.banking.qa.steps.ExtratoSteps.clicaEmContaDisponivel()&amp#27;[0m
  &amp#27;[32mEntão &amp#27;[0m&amp#27;[32ma página de atividades da conta deve ser exibida&amp#27;[0m                &amp#27;[90m# com.banking.qa.steps.ExtratoSteps.paginaAtividadesExibida()&amp#27;[0m
  &amp#27;[32mE &amp#27;[0m&amp#27;[32mdeve exibir o saldo atual da conta&amp#27;[0m                                  &amp#27;[90m# com.banking.qa.steps.ExtratoSteps.exibeSaldoAtual()&amp#27;[0m
Transações na tela: 0
  &amp#27;[32mE &amp#27;[0m&amp#27;[32mdeve exibir a lista de transações&amp#27;[0m                                   &amp#27;[90m# com.banking.qa.steps.ExtratoSteps.exibeListaTransacoes()&amp#27;[0m
]]></system-out>
    <system-err><![CDATA[[main] INFO io.github.bonigarcia.wdm.WebDriverManager - Using chromedriver 147.0.7727.117 (resolved driver for Chrome 147)
[main] INFO io.github.bonigarcia.wdm.WebDriverManager - Exporting webdriver.chrome.driver as /Users/victor/.cache/selenium/chromedriver/mac64/147.0.7727.117/chromedriver
abr. 29, 2026 4:44:20 PM org.openqa.selenium.devtools.CdpVersionFinder findNearestMatch
ADVERTÊNCIA: Unable to find CDP implementation matching 147
abr. 29, 2026 4:44:20 PM org.openqa.selenium.chromium.ChromiumDriver lambda$new$5
ADVERTÊNCIA: Unable to find version of CDP to use for 147.0.7727.119. You may need to include a dependency on a specific version of the CDP using something similar to `org.seleniumhq.selenium:selenium-devtools-v86:4.18.1` where the version ("v86") matches the version of the chromium-based browser you're using and the version number of the artifact is the same as Selenium's.
]]></system-err>
  </testcase>
  <testcase name="Filtrar extrato por período" classname="Extrato e Atividade da Conta" time="4.935">
    <system-out><![CDATA[
@extrato @regressao @positivo
Cenário: Filtrar extrato por período                                    &amp#27;[90m# features/extrato.feature:20&amp#27;[0m
Iniciando cenário: Filtrar extrato por período
  &amp#27;[32mDado &amp#27;[0m&amp#27;[32mque o usuário está autenticado com usuário &amp#27;[0m&amp#27;[32m&amp#27;[1m"john"&amp#27;[0m&amp#27;[32m e senha &amp#27;[0m&amp#27;[32m&amp#27;[1m"demo"&amp#27;[0m &amp#27;[90m# com.banking.qa.steps.TransferenciaSteps.usuarioAutenticado(java.lang.String,java.lang.String)&amp#27;[0m
  &amp#27;[32mE &amp#27;[0m&amp#27;[32macessa a visão geral de contas&amp#27;[0m                                      &amp#27;[90m# com.banking.qa.steps.ExtratoSteps.acessaVisaoGeralDeContas()&amp#27;[0m
  &amp#27;[32mQuando &amp#27;[0m&amp#27;[32mo usuário clica em uma conta disponível&amp#27;[0m                        &amp#27;[90m# com.banking.qa.steps.ExtratoSteps.clicaEmContaDisponivel()&amp#27;[0m
  &amp#27;[32mE &amp#27;[0m&amp#27;[32mfiltra as transações pelo período &amp#27;[0m&amp#27;[32m&amp#27;[1m"All"&amp#27;[0m                             &amp#27;[90m# com.banking.qa.steps.ExtratoSteps.filtraPorPeriodo(java.lang.String)&amp#27;[0m
Transações após filtro: 0
  &amp#27;[32mEntão &amp#27;[0m&amp#27;[32ma lista de transações deve ser exibida&amp#27;[0m                          &amp#27;[90m# com.banking.qa.steps.ExtratoSteps.listaTransacoesExibida()&amp#27;[0m
]]></system-out>
    <system-err><![CDATA[[main] INFO io.github.bonigarcia.wdm.WebDriverManager - Using chromedriver 147.0.7727.117 (resolved driver for Chrome 147)
[main] INFO io.github.bonigarcia.wdm.WebDriverManager - Exporting webdriver.chrome.driver as /Users/victor/.cache/selenium/chromedriver/mac64/147.0.7727.117/chromedriver
abr. 29, 2026 4:44:26 PM org.openqa.selenium.devtools.CdpVersionFinder findNearestMatch
ADVERTÊNCIA: Unable to find CDP implementation matching 147
abr. 29, 2026 4:44:26 PM org.openqa.selenium.chromium.ChromiumDriver lambda$new$5
ADVERTÊNCIA: Unable to find version of CDP to use for 147.0.7727.119. You may need to include a dependency on a specific version of the CDP using something similar to `org.seleniumhq.selenium:selenium-devtools-v86:4.18.1` where the version ("v86") matches the version of the chromium-based browser you're using and the version number of the artifact is the same as Selenium's.
]]></system-err>
  </testcase>
  <testcase name="Filtrar extrato por tipo de transação - Débito" classname="Extrato e Atividade da Conta" time="5.115">
    <system-out><![CDATA[
@extrato @regressao @positivo
Cenário: Filtrar extrato por tipo de transação - Débito                 &amp#27;[90m# features/extrato.feature:26&amp#27;[0m
Iniciando cenário: Filtrar extrato por tipo de transação - Débito
  &amp#27;[32mDado &amp#27;[0m&amp#27;[32mque o usuário está autenticado com usuário &amp#27;[0m&amp#27;[32m&amp#27;[1m"john"&amp#27;[0m&amp#27;[32m e senha &amp#27;[0m&amp#27;[32m&amp#27;[1m"demo"&amp#27;[0m &amp#27;[90m# com.banking.qa.steps.TransferenciaSteps.usuarioAutenticado(java.lang.String,java.lang.String)&amp#27;[0m
  &amp#27;[32mE &amp#27;[0m&amp#27;[32macessa a visão geral de contas&amp#27;[0m                                      &amp#27;[90m# com.banking.qa.steps.ExtratoSteps.acessaVisaoGeralDeContas()&amp#27;[0m
  &amp#27;[32mQuando &amp#27;[0m&amp#27;[32mo usuário clica em uma conta disponível&amp#27;[0m                        &amp#27;[90m# com.banking.qa.steps.ExtratoSteps.clicaEmContaDisponivel()&amp#27;[0m
  &amp#27;[32mE &amp#27;[0m&amp#27;[32mfiltra as transações pelo período &amp#27;[0m&amp#27;[32m&amp#27;[1m"All"&amp#27;[0m                             &amp#27;[90m# com.banking.qa.steps.ExtratoSteps.filtraPorPeriodo(java.lang.String)&amp#27;[0m
  &amp#27;[32mE &amp#27;[0m&amp#27;[32mfiltra pelo tipo &amp#27;[0m&amp#27;[32m&amp#27;[1m"Debit"&amp#27;[0m                                            &amp#27;[90m# com.banking.qa.steps.ExtratoSteps.filtraPorTipo(java.lang.String)&amp#27;[0m
Transações de débito encontradas: 0
  &amp#27;[32mEntão &amp#27;[0m&amp#27;[32mtodas as transações exibidas devem ser do tipo débito&amp#27;[0m           &amp#27;[90m# com.banking.qa.steps.ExtratoSteps.transacoesDevemSerDebito()&amp#27;[0m
]]></system-out>
    <system-err><![CDATA[[main] INFO io.github.bonigarcia.wdm.WebDriverManager - Using chromedriver 147.0.7727.117 (resolved driver for Chrome 147)
[main] INFO io.github.bonigarcia.wdm.WebDriverManager - Exporting webdriver.chrome.driver as /Users/victor/.cache/selenium/chromedriver/mac64/147.0.7727.117/chromedriver
abr. 29, 2026 4:44:31 PM org.openqa.selenium.devtools.CdpVersionFinder findNearestMatch
ADVERTÊNCIA: Unable to find CDP implementation matching 147
abr. 29, 2026 4:44:31 PM org.openqa.selenium.chromium.ChromiumDriver lambda$new$5
ADVERTÊNCIA: Unable to find version of CDP to use for 147.0.7727.119. You may need to include a dependency on a specific version of the CDP using something similar to `org.seleniumhq.selenium:selenium-devtools-v86:4.18.1` where the version ("v86") matches the version of the chromium-based browser you're using and the version number of the artifact is the same as Selenium's.
]]></system-err>
  </testcase>
  <testcase name="Filtrar extrato por tipo de transação - Crédito" classname="Extrato e Atividade da Conta" time="5.34">
    <system-out><![CDATA[
@extrato @regressao @positivo
Cenário: Filtrar extrato por tipo de transação - Crédito                &amp#27;[90m# features/extrato.feature:33&amp#27;[0m
Iniciando cenário: Filtrar extrato por tipo de transação - Crédito
  &amp#27;[32mDado &amp#27;[0m&amp#27;[32mque o usuário está autenticado com usuário &amp#27;[0m&amp#27;[32m&amp#27;[1m"john"&amp#27;[0m&amp#27;[32m e senha &amp#27;[0m&amp#27;[32m&amp#27;[1m"demo"&amp#27;[0m &amp#27;[90m# com.banking.qa.steps.TransferenciaSteps.usuarioAutenticado(java.lang.String,java.lang.String)&amp#27;[0m
  &amp#27;[32mE &amp#27;[0m&amp#27;[32macessa a visão geral de contas&amp#27;[0m                                      &amp#27;[90m# com.banking.qa.steps.ExtratoSteps.acessaVisaoGeralDeContas()&amp#27;[0m
  &amp#27;[32mQuando &amp#27;[0m&amp#27;[32mo usuário clica em uma conta disponível&amp#27;[0m                        &amp#27;[90m# com.banking.qa.steps.ExtratoSteps.clicaEmContaDisponivel()&amp#27;[0m
  &amp#27;[32mE &amp#27;[0m&amp#27;[32mfiltra as transações pelo período &amp#27;[0m&amp#27;[32m&amp#27;[1m"All"&amp#27;[0m                             &amp#27;[90m# com.banking.qa.steps.ExtratoSteps.filtraPorPeriodo(java.lang.String)&amp#27;[0m
  &amp#27;[32mE &amp#27;[0m&amp#27;[32mfiltra pelo tipo &amp#27;[0m&amp#27;[32m&amp#27;[1m"Credit"&amp#27;[0m                                           &amp#27;[90m# com.banking.qa.steps.ExtratoSteps.filtraPorTipo(java.lang.String)&amp#27;[0m
Transações de crédito encontradas: 0
  &amp#27;[32mEntão &amp#27;[0m&amp#27;[32mtodas as transações exibidas devem ser do tipo crédito&amp#27;[0m          &amp#27;[90m# com.banking.qa.steps.ExtratoSteps.transacoesDevemSerCredito()&amp#27;[0m
]]></system-out>
    <system-err><![CDATA[[main] INFO io.github.bonigarcia.wdm.WebDriverManager - Using chromedriver 147.0.7727.117 (resolved driver for Chrome 147)
[main] INFO io.github.bonigarcia.wdm.WebDriverManager - Exporting webdriver.chrome.driver as /Users/victor/.cache/selenium/chromedriver/mac64/147.0.7727.117/chromedriver
abr. 29, 2026 4:44:36 PM org.openqa.selenium.devtools.CdpVersionFinder findNearestMatch
ADVERTÊNCIA: Unable to find CDP implementation matching 147
abr. 29, 2026 4:44:36 PM org.openqa.selenium.chromium.ChromiumDriver lambda$new$5
ADVERTÊNCIA: Unable to find version of CDP to use for 147.0.7727.119. You may need to include a dependency on a specific version of the CDP using something similar to `org.seleniumhq.selenium:selenium-devtools-v86:4.18.1` where the version ("v86") matches the version of the chromium-based browser you're using and the version number of the artifact is the same as Selenium's.
]]></system-err>
  </testcase>
  <testcase name="Consistência entre interface e banco de dados" classname="Extrato e Atividade da Conta" time="36.754">
    <system-out><![CDATA[
@extrato @regressao @banco_de_dados
Cenário: Consistência entre interface e banco de dados                                       &amp#27;[90m# features/extrato.feature:40&amp#27;[0m
Iniciando cenário: Consistência entre interface e banco de dados
  &amp#27;[32mDado &amp#27;[0m&amp#27;[32mque o usuário está autenticado com usuário &amp#27;[0m&amp#27;[32m&amp#27;[1m"john"&amp#27;[0m&amp#27;[32m e senha &amp#27;[0m&amp#27;[32m&amp#27;[1m"demo"&amp#27;[0m                      &amp#27;[90m# com.banking.qa.steps.TransferenciaSteps.usuarioAutenticado(java.lang.String,java.lang.String)&amp#27;[0m
  &amp#27;[32mE &amp#27;[0m&amp#27;[32macessa a visão geral de contas&amp#27;[0m                                                           &amp#27;[90m# com.banking.qa.steps.ExtratoSteps.acessaVisaoGeralDeContas()&amp#27;[0m
  &amp#27;[32mQuando &amp#27;[0m&amp#27;[32mo usuário clica em uma conta disponível&amp#27;[0m                                             &amp#27;[90m# com.banking.qa.steps.ExtratoSteps.clicaEmContaDisponivel()&amp#27;[0m
Saldo na interface: 0.00
Saldo no banco: 1500.00
  &amp#27;[32mEntão &amp#27;[0m&amp#27;[32mo saldo exibido na interface deve corresponder ao valor no banco de dados&amp#27;[0m            &amp#27;[90m# com.banking.qa.steps.ExtratoSteps.saldoInterfaceCorrespondeAoBanco()&amp#27;[0m
Transações na interface: 3147
Transações no banco: 8
  &amp#27;[32mE &amp#27;[0m&amp#27;[32ma quantidade de transações na interface deve corresponder à quantidade no banco de dados&amp#27;[0m &amp#27;[90m# com.banking.qa.steps.ExtratoSteps.quantidadeTransacoesCorresponde()&amp#27;[0m
]]></system-out>
    <system-err><![CDATA[[main] INFO io.github.bonigarcia.wdm.WebDriverManager - Using chromedriver 147.0.7727.117 (resolved driver for Chrome 147)
[main] INFO io.github.bonigarcia.wdm.WebDriverManager - Exporting webdriver.chrome.driver as /Users/victor/.cache/selenium/chromedriver/mac64/147.0.7727.117/chromedriver
abr. 29, 2026 4:44:41 PM org.openqa.selenium.devtools.CdpVersionFinder findNearestMatch
ADVERTÊNCIA: Unable to find CDP implementation matching 147
abr. 29, 2026 4:44:41 PM org.openqa.selenium.chromium.ChromiumDriver lambda$new$5
ADVERTÊNCIA: Unable to find version of CDP to use for 147.0.7727.119. You may need to include a dependency on a specific version of the CDP using something similar to `org.seleniumhq.selenium:selenium-devtools-v86:4.18.1` where the version ("v86") matches the version of the chromium-based browser you're using and the version number of the artifact is the same as Selenium's.
]]></system-err>
  </testcase>
  <testcase name="Login com credenciais válidas" classname="Login no Sistema Bancário" time="3.685">
    <system-out><![CDATA[
@login @regressao @positivo @smoke
Cenário: Login com credenciais válidas                       &amp#27;[90m# features/login.feature:12&amp#27;[0m
Iniciando cenário: Login com credenciais válidas
  &amp#27;[32mDado &amp#27;[0m&amp#27;[32mque o usuário está na página de login&amp#27;[0m                 &amp#27;[90m# com.banking.qa.steps.LoginSteps.usuarioEstaNaPaginaDeLogin()&amp#27;[0m
  &amp#27;[32mQuando &amp#27;[0m&amp#27;[32mo usuário informa o usuário &amp#27;[0m&amp#27;[32m&amp#27;[1m"john"&amp#27;[0m&amp#27;[32m e a senha &amp#27;[0m&amp#27;[32m&amp#27;[1m"demo"&amp#27;[0m &amp#27;[90m# com.banking.qa.steps.LoginSteps.usuarioInformaCredenciais(java.lang.String,java.lang.String)&amp#27;[0m
  &amp#27;[32mE &amp#27;[0m&amp#27;[32mclica no botão &amp#27;[0m&amp#27;[32m&amp#27;[1m"Entrar"&amp#27;[0m                                  &amp#27;[90m# com.banking.qa.steps.LoginSteps.clicaNoBotao(java.lang.String)&amp#27;[0m
  &amp#27;[32mEntão &amp#27;[0m&amp#27;[32mo sistema deve exibir a mensagem de boas-vindas&amp#27;[0m      &amp#27;[90m# com.banking.qa.steps.LoginSteps.sistemaMostraMensagemBoasVindas()&amp#27;[0m
  &amp#27;[32mE &amp#27;[0m&amp#27;[32mo usuário deve ser redirecionado para o painel de contas&amp#27;[0m &amp#27;[90m# com.banking.qa.steps.LoginSteps.usuarioRedirecionadoPainelContas()&amp#27;[0m
]]></system-out>
    <system-err><![CDATA[[main] INFO io.github.bonigarcia.wdm.WebDriverManager - Using chromedriver 147.0.7727.117 (resolved driver for Chrome 147)
[main] INFO io.github.bonigarcia.wdm.WebDriverManager - Exporting webdriver.chrome.driver as /Users/victor/.cache/selenium/chromedriver/mac64/147.0.7727.117/chromedriver
abr. 29, 2026 4:45:18 PM org.openqa.selenium.devtools.CdpVersionFinder findNearestMatch
ADVERTÊNCIA: Unable to find CDP implementation matching 147
abr. 29, 2026 4:45:18 PM org.openqa.selenium.chromium.ChromiumDriver lambda$new$5
ADVERTÊNCIA: Unable to find version of CDP to use for 147.0.7727.119. You may need to include a dependency on a specific version of the CDP using something similar to `org.seleniumhq.selenium:selenium-devtools-v86:4.18.1` where the version ("v86") matches the version of the chromium-based browser you're using and the version number of the artifact is the same as Selenium's.
]]></system-err>
  </testcase>
  <testcase name="Login com senha incorreta" classname="Login no Sistema Bancário" time="3.037">
    <system-out><![CDATA[
@login @regressao @negativo
Cenário: Login com senha incorreta                                                                  &amp#27;[90m# features/login.feature:19&amp#27;[0m
Iniciando cenário: Login com senha incorreta
  &amp#27;[32mDado &amp#27;[0m&amp#27;[32mque o usuário está na página de login&amp#27;[0m                                                        &amp#27;[90m# com.banking.qa.steps.LoginSteps.usuarioEstaNaPaginaDeLogin()&amp#27;[0m
  &amp#27;[32mQuando &amp#27;[0m&amp#27;[32mo usuário informa o usuário &amp#27;[0m&amp#27;[32m&amp#27;[1m"john"&amp#27;[0m&amp#27;[32m e a senha &amp#27;[0m&amp#27;[32m&amp#27;[1m"senhaErrada"&amp#27;[0m                                 &amp#27;[90m# com.banking.qa.steps.LoginSteps.usuarioInformaCredenciais(java.lang.String,java.lang.String)&amp#27;[0m
  &amp#27;[32mE &amp#27;[0m&amp#27;[32mclica no botão &amp#27;[0m&amp#27;[32m&amp#27;[1m"Entrar"&amp#27;[0m                                                                         &amp#27;[90m# com.banking.qa.steps.LoginSteps.clicaNoBotao(java.lang.String)&amp#27;[0m
  &amp#27;[32mEntão &amp#27;[0m&amp#27;[32mo sistema deve exibir a mensagem de erro &amp#27;[0m&amp#27;[32m&amp#27;[1m"The username and password could not be verified."&amp#27;[0m &amp#27;[90m# com.banking.qa.steps.LoginSteps.sistemaMostraMensagemErro(java.lang.String)&amp#27;[0m
]]></system-out>
    <system-err><![CDATA[[main] INFO io.github.bonigarcia.wdm.WebDriverManager - Using chromedriver 147.0.7727.117 (resolved driver for Chrome 147)
[main] INFO io.github.bonigarcia.wdm.WebDriverManager - Exporting webdriver.chrome.driver as /Users/victor/.cache/selenium/chromedriver/mac64/147.0.7727.117/chromedriver
abr. 29, 2026 4:45:22 PM org.openqa.selenium.devtools.CdpVersionFinder findNearestMatch
ADVERTÊNCIA: Unable to find CDP implementation matching 147
abr. 29, 2026 4:45:22 PM org.openqa.selenium.chromium.ChromiumDriver lambda$new$5
ADVERTÊNCIA: Unable to find version of CDP to use for 147.0.7727.119. You may need to include a dependency on a specific version of the CDP using something similar to `org.seleniumhq.selenium:selenium-devtools-v86:4.18.1` where the version ("v86") matches the version of the chromium-based browser you're using and the version number of the artifact is the same as Selenium's.
]]></system-err>
  </testcase>
  <testcase name="Login com usuário em branco" classname="Login no Sistema Bancário" time="2.885">
    <system-out><![CDATA[
@login @regressao @negativo
Cenário: Login com usuário em branco                        &amp#27;[90m# features/login.feature:25&amp#27;[0m
Iniciando cenário: Login com usuário em branco
  &amp#27;[32mDado &amp#27;[0m&amp#27;[32mque o usuário está na página de login&amp#27;[0m                &amp#27;[90m# com.banking.qa.steps.LoginSteps.usuarioEstaNaPaginaDeLogin()&amp#27;[0m
  &amp#27;[32mQuando &amp#27;[0m&amp#27;[32mo usuário informa o usuário &amp#27;[0m&amp#27;[32m&amp#27;[1m""&amp#27;[0m&amp#27;[32m e a senha &amp#27;[0m&amp#27;[32m&amp#27;[1m"demo"&amp#27;[0m    &amp#27;[90m# com.banking.qa.steps.LoginSteps.usuarioInformaCredenciais(java.lang.String,java.lang.String)&amp#27;[0m
  &amp#27;[32mE &amp#27;[0m&amp#27;[32mclica no botão &amp#27;[0m&amp#27;[32m&amp#27;[1m"Entrar"&amp#27;[0m                                 &amp#27;[90m# com.banking.qa.steps.LoginSteps.clicaNoBotao(java.lang.String)&amp#27;[0m
  &amp#27;[32mEntão &amp#27;[0m&amp#27;[32mo sistema deve exibir mensagem de erro de validação&amp#27;[0m &amp#27;[90m# com.banking.qa.steps.LoginSteps.sistemaMostraMensagemErroValidacao()&amp#27;[0m
]]></system-out>
    <system-err><![CDATA[[main] INFO io.github.bonigarcia.wdm.WebDriverManager - Using chromedriver 147.0.7727.117 (resolved driver for Chrome 147)
[main] INFO io.github.bonigarcia.wdm.WebDriverManager - Exporting webdriver.chrome.driver as /Users/victor/.cache/selenium/chromedriver/mac64/147.0.7727.117/chromedriver
abr. 29, 2026 4:45:25 PM org.openqa.selenium.devtools.CdpVersionFinder findNearestMatch
ADVERTÊNCIA: Unable to find CDP implementation matching 147
abr. 29, 2026 4:45:25 PM org.openqa.selenium.chromium.ChromiumDriver lambda$new$5
ADVERTÊNCIA: Unable to find version of CDP to use for 147.0.7727.119. You may need to include a dependency on a specific version of the CDP using something similar to `org.seleniumhq.selenium:selenium-devtools-v86:4.18.1` where the version ("v86") matches the version of the chromium-based browser you're using and the version number of the artifact is the same as Selenium's.
]]></system-err>
  </testcase>
  <testcase name="Login com ambos os campos em branco" classname="Login no Sistema Bancário" time="3.171">
    <system-out><![CDATA[
@login @regressao @negativo
Cenário: Login com ambos os campos em branco                &amp#27;[90m# features/login.feature:31&amp#27;[0m
Iniciando cenário: Login com ambos os campos em branco
  &amp#27;[32mDado &amp#27;[0m&amp#27;[32mque o usuário está na página de login&amp#27;[0m                &amp#27;[90m# com.banking.qa.steps.LoginSteps.usuarioEstaNaPaginaDeLogin()&amp#27;[0m
  &amp#27;[32mQuando &amp#27;[0m&amp#27;[32mo usuário informa o usuário &amp#27;[0m&amp#27;[32m&amp#27;[1m""&amp#27;[0m&amp#27;[32m e a senha &amp#27;[0m&amp#27;[32m&amp#27;[1m""&amp#27;[0m        &amp#27;[90m# com.banking.qa.steps.LoginSteps.usuarioInformaCredenciais(java.lang.String,java.lang.String)&amp#27;[0m
  &amp#27;[32mE &amp#27;[0m&amp#27;[32mclica no botão &amp#27;[0m&amp#27;[32m&amp#27;[1m"Entrar"&amp#27;[0m                                 &amp#27;[90m# com.banking.qa.steps.LoginSteps.clicaNoBotao(java.lang.String)&amp#27;[0m
  &amp#27;[32mEntão &amp#27;[0m&amp#27;[32mo sistema deve exibir mensagem de erro de validação&amp#27;[0m &amp#27;[90m# com.banking.qa.steps.LoginSteps.sistemaMostraMensagemErroValidacao()&amp#27;[0m
]]></system-out>
    <system-err><![CDATA[[main] INFO io.github.bonigarcia.wdm.WebDriverManager - Using chromedriver 147.0.7727.117 (resolved driver for Chrome 147)
[main] INFO io.github.bonigarcia.wdm.WebDriverManager - Exporting webdriver.chrome.driver as /Users/victor/.cache/selenium/chromedriver/mac64/147.0.7727.117/chromedriver
abr. 29, 2026 4:45:28 PM org.openqa.selenium.devtools.CdpVersionFinder findNearestMatch
ADVERTÊNCIA: Unable to find CDP implementation matching 147
abr. 29, 2026 4:45:28 PM org.openqa.selenium.chromium.ChromiumDriver lambda$new$5
ADVERTÊNCIA: Unable to find version of CDP to use for 147.0.7727.119. You may need to include a dependency on a specific version of the CDP using something similar to `org.seleniumhq.selenium:selenium-devtools-v86:4.18.1` where the version ("v86") matches the version of the chromium-based browser you're using and the version number of the artifact is the same as Selenium's.
]]></system-err>
  </testcase>
  <testcase name="Example #1.1" classname="Exemplos" time="3.244">
    <system-out><![CDATA[
@login @regressao @esquema @negativo
Esquema do Cenário: Login com múltiplas combinações inválidas                                       &amp#27;[90m# features/login.feature:44&amp#27;[0m
Iniciando cenário: Login com múltiplas combinações inválidas
  &amp#27;[32mDado &amp#27;[0m&amp#27;[32mque o usuário está na página de login&amp#27;[0m                                                        &amp#27;[90m# com.banking.qa.steps.LoginSteps.usuarioEstaNaPaginaDeLogin()&amp#27;[0m
  &amp#27;[32mQuando &amp#27;[0m&amp#27;[32mo usuário informa o usuário &amp#27;[0m&amp#27;[32m&amp#27;[1m"usuarioErrado"&amp#27;[0m&amp#27;[32m e a senha &amp#27;[0m&amp#27;[32m&amp#27;[1m"demo"&amp#27;[0m                               &amp#27;[90m# com.banking.qa.steps.LoginSteps.usuarioInformaCredenciais(java.lang.String,java.lang.String)&amp#27;[0m
  &amp#27;[32mE &amp#27;[0m&amp#27;[32mclica no botão &amp#27;[0m&amp#27;[32m&amp#27;[1m"Entrar"&amp#27;[0m                                                                         &amp#27;[90m# com.banking.qa.steps.LoginSteps.clicaNoBotao(java.lang.String)&amp#27;[0m
  &amp#27;[32mEntão &amp#27;[0m&amp#27;[32mo sistema deve exibir a mensagem de erro &amp#27;[0m&amp#27;[32m&amp#27;[1m"The username and password could not be verified."&amp#27;[0m &amp#27;[90m# com.banking.qa.steps.LoginSteps.sistemaMostraMensagemErro(java.lang.String)&amp#27;[0m
]]></system-out>
    <system-err><![CDATA[[main] INFO io.github.bonigarcia.wdm.WebDriverManager - Using chromedriver 147.0.7727.117 (resolved driver for Chrome 147)
[main] INFO io.github.bonigarcia.wdm.WebDriverManager - Exporting webdriver.chrome.driver as /Users/victor/.cache/selenium/chromedriver/mac64/147.0.7727.117/chromedriver
abr. 29, 2026 4:45:31 PM org.openqa.selenium.devtools.CdpVersionFinder findNearestMatch
ADVERTÊNCIA: Unable to find CDP implementation matching 147
abr. 29, 2026 4:45:31 PM org.openqa.selenium.chromium.ChromiumDriver lambda$new$5
ADVERTÊNCIA: Unable to find version of CDP to use for 147.0.7727.119. You may need to include a dependency on a specific version of the CDP using something similar to `org.seleniumhq.selenium:selenium-devtools-v86:4.18.1` where the version ("v86") matches the version of the chromium-based browser you're using and the version number of the artifact is the same as Selenium's.
]]></system-err>
  </testcase>
  <testcase name="Example #1.2" classname="Exemplos" time="3.322">
    <system-out><![CDATA[
@login @regressao @esquema @negativo
Esquema do Cenário: Login com múltiplas combinações inválidas                                       &amp#27;[90m# features/login.feature:45&amp#27;[0m
Iniciando cenário: Login com múltiplas combinações inválidas
  &amp#27;[32mDado &amp#27;[0m&amp#27;[32mque o usuário está na página de login&amp#27;[0m                                                        &amp#27;[90m# com.banking.qa.steps.LoginSteps.usuarioEstaNaPaginaDeLogin()&amp#27;[0m
  &amp#27;[32mQuando &amp#27;[0m&amp#27;[32mo usuário informa o usuário &amp#27;[0m&amp#27;[32m&amp#27;[1m"john"&amp#27;[0m&amp#27;[32m e a senha &amp#27;[0m&amp#27;[32m&amp#27;[1m"12345"&amp#27;[0m                                       &amp#27;[90m# com.banking.qa.steps.LoginSteps.usuarioInformaCredenciais(java.lang.String,java.lang.String)&amp#27;[0m
  &amp#27;[32mE &amp#27;[0m&amp#27;[32mclica no botão &amp#27;[0m&amp#27;[32m&amp#27;[1m"Entrar"&amp#27;[0m                                                                         &amp#27;[90m# com.banking.qa.steps.LoginSteps.clicaNoBotao(java.lang.String)&amp#27;[0m
  &amp#27;[32mEntão &amp#27;[0m&amp#27;[32mo sistema deve exibir a mensagem de erro &amp#27;[0m&amp#27;[32m&amp#27;[1m"The username and password could not be verified."&amp#27;[0m &amp#27;[90m# com.banking.qa.steps.LoginSteps.sistemaMostraMensagemErro(java.lang.String)&amp#27;[0m
]]></system-out>
    <system-err><![CDATA[[main] INFO io.github.bonigarcia.wdm.WebDriverManager - Using chromedriver 147.0.7727.117 (resolved driver for Chrome 147)
[main] INFO io.github.bonigarcia.wdm.WebDriverManager - Exporting webdriver.chrome.driver as /Users/victor/.cache/selenium/chromedriver/mac64/147.0.7727.117/chromedriver
abr. 29, 2026 4:45:34 PM org.openqa.selenium.devtools.CdpVersionFinder findNearestMatch
ADVERTÊNCIA: Unable to find CDP implementation matching 147
abr. 29, 2026 4:45:34 PM org.openqa.selenium.chromium.ChromiumDriver lambda$new$5
ADVERTÊNCIA: Unable to find version of CDP to use for 147.0.7727.119. You may need to include a dependency on a specific version of the CDP using something similar to `org.seleniumhq.selenium:selenium-devtools-v86:4.18.1` where the version ("v86") matches the version of the chromium-based browser you're using and the version number of the artifact is the same as Selenium's.
]]></system-err>
  </testcase>
  <testcase name="Example #1.3" classname="Exemplos" time="2.994">
    <system-out><![CDATA[
@login @regressao @esquema @negativo
Esquema do Cenário: Login com múltiplas combinações inválidas                                       &amp#27;[90m# features/login.feature:46&amp#27;[0m
Iniciando cenário: Login com múltiplas combinações inválidas
  &amp#27;[32mDado &amp#27;[0m&amp#27;[32mque o usuário está na página de login&amp#27;[0m                                                        &amp#27;[90m# com.banking.qa.steps.LoginSteps.usuarioEstaNaPaginaDeLogin()&amp#27;[0m
  &amp#27;[32mQuando &amp#27;[0m&amp#27;[32mo usuário informa o usuário &amp#27;[0m&amp#27;[32m&amp#27;[1m"sql_injection"&amp#27;[0m&amp#27;[32m e a senha &amp#27;[0m&amp#27;[32m&amp#27;[1m"invalid123"&amp#27;[0m                         &amp#27;[90m# com.banking.qa.steps.LoginSteps.usuarioInformaCredenciais(java.lang.String,java.lang.String)&amp#27;[0m
  &amp#27;[32mE &amp#27;[0m&amp#27;[32mclica no botão &amp#27;[0m&amp#27;[32m&amp#27;[1m"Entrar"&amp#27;[0m                                                                         &amp#27;[90m# com.banking.qa.steps.LoginSteps.clicaNoBotao(java.lang.String)&amp#27;[0m
  &amp#27;[32mEntão &amp#27;[0m&amp#27;[32mo sistema deve exibir a mensagem de erro &amp#27;[0m&amp#27;[32m&amp#27;[1m"The username and password could not be verified."&amp#27;[0m &amp#27;[90m# com.banking.qa.steps.LoginSteps.sistemaMostraMensagemErro(java.lang.String)&amp#27;[0m
]]></system-out>
    <system-err><![CDATA[[main] INFO io.github.bonigarcia.wdm.WebDriverManager - Using chromedriver 147.0.7727.117 (resolved driver for Chrome 147)
[main] INFO io.github.bonigarcia.wdm.WebDriverManager - Exporting webdriver.chrome.driver as /Users/victor/.cache/selenium/chromedriver/mac64/147.0.7727.117/chromedriver
abr. 29, 2026 4:45:37 PM org.openqa.selenium.devtools.CdpVersionFinder findNearestMatch
ADVERTÊNCIA: Unable to find CDP implementation matching 147
abr. 29, 2026 4:45:37 PM org.openqa.selenium.chromium.ChromiumDriver lambda$new$5
ADVERTÊNCIA: Unable to find version of CDP to use for 147.0.7727.119. You may need to include a dependency on a specific version of the CDP using something similar to `org.seleniumhq.selenium:selenium-devtools-v86:4.18.1` where the version ("v86") matches the version of the chromium-based browser you're using and the version number of the artifact is the same as Selenium's.
]]></system-err>
  </testcase>
  <testcase name="Transferência com saldo suficiente" classname="Transferência entre Contas" time="4.871">
    <system-out><![CDATA[
@transferencia @regressao @positivo @smoke
Cenário: Transferência com saldo suficiente                             &amp#27;[90m# features/transferencia.feature:13&amp#27;[0m
Iniciando cenário: Transferência com saldo suficiente
  &amp#27;[32mDado &amp#27;[0m&amp#27;[32mque o usuário está autenticado com usuário &amp#27;[0m&amp#27;[32m&amp#27;[1m"john"&amp#27;[0m&amp#27;[32m e senha &amp#27;[0m&amp#27;[32m&amp#27;[1m"demo"&amp#27;[0m &amp#27;[90m# com.banking.qa.steps.TransferenciaSteps.usuarioAutenticado(java.lang.String,java.lang.String)&amp#27;[0m
  &amp#27;[32mE &amp#27;[0m&amp#27;[32macessa a página de transferência de fundos&amp#27;[0m                          &amp#27;[90m# com.banking.qa.steps.TransferenciaSteps.acessaPaginaTransferencia()&amp#27;[0m
  &amp#27;[32mQuando &amp#27;[0m&amp#27;[32mo usuário informa o valor &amp#27;[0m&amp#27;[32m&amp#27;[1m"100.00"&amp#27;[0m                             &amp#27;[90m# com.banking.qa.steps.TransferenciaSteps.usuarioInformaValor(java.lang.String)&amp#27;[0m
  &amp#27;[32mE &amp#27;[0m&amp#27;[32mseleciona a conta de origem disponível&amp#27;[0m                              &amp#27;[90m# com.banking.qa.steps.TransferenciaSteps.selecionaContaOrigem()&amp#27;[0m
  &amp#27;[32mE &amp#27;[0m&amp#27;[32mseleciona uma conta de destino diferente&amp#27;[0m                            &amp#27;[90m# com.banking.qa.steps.TransferenciaSteps.selecionaContaDestino()&amp#27;[0m
  &amp#27;[32mE &amp#27;[0m&amp#27;[32mconfirma a transferência&amp#27;[0m                                            &amp#27;[90m# com.banking.qa.steps.TransferenciaSteps.confirmaTransferencia()&amp#27;[0m
  &amp#27;[32mEntão &amp#27;[0m&amp#27;[32mo sistema deve exibir mensagem de sucesso &amp#27;[0m&amp#27;[32m&amp#27;[1m"Transfer Complete!"&amp#27;[0m  &amp#27;[90m# com.banking.qa.steps.TransferenciaSteps.sistemaMostraMensagemSucesso(java.lang.String)&amp#27;[0m
INFO: Conta Parabank=13344 | Validação de saldo no banco requer mapeamento de IDs
INFO: Saldo atual no banco de referência: 1500.00
  &amp#27;[32mE &amp#27;[0m&amp#27;[32mo saldo da conta de origem deve ser decrementado em &amp#27;[0m&amp#27;[32m&amp#27;[1m"100.00"&amp#27;[0m        &amp#27;[90m# com.banking.qa.steps.TransferenciaSteps.saldoOrigemDecrementado(java.lang.String)&amp#27;[0m
Validação de saldo destino: conta=16008, valor=100.00
  &amp#27;[32mE &amp#27;[0m&amp#27;[32mo saldo da conta de destino deve ser incrementado em &amp#27;[0m&amp#27;[32m&amp#27;[1m"100.00"&amp#27;[0m       &amp#27;[90m# com.banking.qa.steps.TransferenciaSteps.saldoDestinoIncrementado(java.lang.String)&amp#27;[0m
]]></system-out>
    <system-err><![CDATA[[main] INFO io.github.bonigarcia.wdm.WebDriverManager - Using chromedriver 147.0.7727.117 (resolved driver for Chrome 147)
[main] INFO io.github.bonigarcia.wdm.WebDriverManager - Exporting webdriver.chrome.driver as /Users/victor/.cache/selenium/chromedriver/mac64/147.0.7727.117/chromedriver
abr. 29, 2026 4:45:40 PM org.openqa.selenium.devtools.CdpVersionFinder findNearestMatch
ADVERTÊNCIA: Unable to find CDP implementation matching 147
abr. 29, 2026 4:45:40 PM org.openqa.selenium.chromium.ChromiumDriver lambda$new$5
ADVERTÊNCIA: Unable to find version of CDP to use for 147.0.7727.119. You may need to include a dependency on a specific version of the CDP using something similar to `org.seleniumhq.selenium:selenium-devtools-v86:4.18.1` where the version ("v86") matches the version of the chromium-based browser you're using and the version number of the artifact is the same as Selenium's.
]]></system-err>
  </testcase>
  <testcase name="Transferência de valor mínimo" classname="Transferência entre Contas" time="4.463">
    <system-out><![CDATA[
@transferencia @regressao @positivo
Cenário: Transferência de valor mínimo                                  &amp#27;[90m# features/transferencia.feature:23&amp#27;[0m
Iniciando cenário: Transferência de valor mínimo
  &amp#27;[32mDado &amp#27;[0m&amp#27;[32mque o usuário está autenticado com usuário &amp#27;[0m&amp#27;[32m&amp#27;[1m"john"&amp#27;[0m&amp#27;[32m e senha &amp#27;[0m&amp#27;[32m&amp#27;[1m"demo"&amp#27;[0m &amp#27;[90m# com.banking.qa.steps.TransferenciaSteps.usuarioAutenticado(java.lang.String,java.lang.String)&amp#27;[0m
  &amp#27;[32mE &amp#27;[0m&amp#27;[32macessa a página de transferência de fundos&amp#27;[0m                          &amp#27;[90m# com.banking.qa.steps.TransferenciaSteps.acessaPaginaTransferencia()&amp#27;[0m
  &amp#27;[32mQuando &amp#27;[0m&amp#27;[32mo usuário informa o valor &amp#27;[0m&amp#27;[32m&amp#27;[1m"0.01"&amp#27;[0m                               &amp#27;[90m# com.banking.qa.steps.TransferenciaSteps.usuarioInformaValor(java.lang.String)&amp#27;[0m
  &amp#27;[32mE &amp#27;[0m&amp#27;[32mseleciona a conta de origem disponível&amp#27;[0m                              &amp#27;[90m# com.banking.qa.steps.TransferenciaSteps.selecionaContaOrigem()&amp#27;[0m
  &amp#27;[32mE &amp#27;[0m&amp#27;[32mseleciona uma conta de destino diferente&amp#27;[0m                            &amp#27;[90m# com.banking.qa.steps.TransferenciaSteps.selecionaContaDestino()&amp#27;[0m
  &amp#27;[32mE &amp#27;[0m&amp#27;[32mconfirma a transferência&amp#27;[0m                                            &amp#27;[90m# com.banking.qa.steps.TransferenciaSteps.confirmaTransferencia()&amp#27;[0m
  &amp#27;[32mEntão &amp#27;[0m&amp#27;[32mo sistema deve exibir mensagem de sucesso &amp#27;[0m&amp#27;[32m&amp#27;[1m"Transfer Complete!"&amp#27;[0m  &amp#27;[90m# com.banking.qa.steps.TransferenciaSteps.sistemaMostraMensagemSucesso(java.lang.String)&amp#27;[0m
]]></system-out>
    <system-err><![CDATA[[main] INFO io.github.bonigarcia.wdm.WebDriverManager - Using chromedriver 147.0.7727.117 (resolved driver for Chrome 147)
[main] INFO io.github.bonigarcia.wdm.WebDriverManager - Exporting webdriver.chrome.driver as /Users/victor/.cache/selenium/chromedriver/mac64/147.0.7727.117/chromedriver
abr. 29, 2026 4:45:45 PM org.openqa.selenium.devtools.CdpVersionFinder findNearestMatch
ADVERTÊNCIA: Unable to find CDP implementation matching 147
abr. 29, 2026 4:45:45 PM org.openqa.selenium.chromium.ChromiumDriver lambda$new$5
ADVERTÊNCIA: Unable to find version of CDP to use for 147.0.7727.119. You may need to include a dependency on a specific version of the CDP using something similar to `org.seleniumhq.selenium:selenium-devtools-v86:4.18.1` where the version ("v86") matches the version of the chromium-based browser you're using and the version number of the artifact is the same as Selenium's.
]]></system-err>
  </testcase>
  <testcase name="Tentativa de transferência com valor zerado" classname="Transferência entre Contas" time="9.648">
    <failure message="Esperava mensagem de erro, mas nenhuma foi exibida ==&gt; expected: &lt;true&gt; but was: &lt;false&gt;" type="org.opentest4j.AssertionFailedError"><![CDATA[org.opentest4j.AssertionFailedError: Esperava mensagem de erro, mas nenhuma foi exibida ==> expected: <true> but was: <false>
	at com.banking.qa.steps.TransferenciaSteps.sistemaMostraMensagemErroTransferencia(TransferenciaSteps.java:116)
	at ✽.o sistema deve exibir mensagem de erro(classpath:features/transferencia.feature:37)
]]></failure>
    <system-out><![CDATA[
@transferencia @regressao @negativo @bug
Cenário: Tentativa de transferência com valor zerado                    &amp#27;[90m# features/transferencia.feature:31&amp#27;[0m
Iniciando cenário: Tentativa de transferência com valor zerado
  &amp#27;[32mDado &amp#27;[0m&amp#27;[32mque o usuário está autenticado com usuário &amp#27;[0m&amp#27;[32m&amp#27;[1m"john"&amp#27;[0m&amp#27;[32m e senha &amp#27;[0m&amp#27;[32m&amp#27;[1m"demo"&amp#27;[0m &amp#27;[90m# com.banking.qa.steps.TransferenciaSteps.usuarioAutenticado(java.lang.String,java.lang.String)&amp#27;[0m
  &amp#27;[32mE &amp#27;[0m&amp#27;[32macessa a página de transferência de fundos&amp#27;[0m                          &amp#27;[90m# com.banking.qa.steps.TransferenciaSteps.acessaPaginaTransferencia()&amp#27;[0m
  &amp#27;[32mQuando &amp#27;[0m&amp#27;[32mo usuário informa o valor &amp#27;[0m&amp#27;[32m&amp#27;[1m"0"&amp#27;[0m                                  &amp#27;[90m# com.banking.qa.steps.TransferenciaSteps.usuarioInformaValor(java.lang.String)&amp#27;[0m
  &amp#27;[32mE &amp#27;[0m&amp#27;[32mseleciona a conta de origem disponível&amp#27;[0m                              &amp#27;[90m# com.banking.qa.steps.TransferenciaSteps.selecionaContaOrigem()&amp#27;[0m
  &amp#27;[32mE &amp#27;[0m&amp#27;[32mseleciona uma conta de destino diferente&amp#27;[0m                            &amp#27;[90m# com.banking.qa.steps.TransferenciaSteps.selecionaContaDestino()&amp#27;[0m
  &amp#27;[32mE &amp#27;[0m&amp#27;[32mconfirma a transferência&amp#27;[0m                                            &amp#27;[90m# com.banking.qa.steps.TransferenciaSteps.confirmaTransferencia()&amp#27;[0m
  &amp#27;[31mEntão &amp#27;[0m&amp#27;[31mo sistema deve exibir mensagem de erro&amp#27;[0m                          &amp#27;[90m# com.banking.qa.steps.TransferenciaSteps.sistemaMostraMensagemErroTransferencia()&amp#27;[0m
      &amp#27;[31morg.opentest4j.AssertionFailedError: Esperava mensagem de erro, mas nenhuma foi exibida ==> expected: <true> but was: <false>
	at org.junit.jupiter.api.AssertionFailureBuilder.build(AssertionFailureBuilder.java:151)
	at org.junit.jupiter.api.AssertionFailureBuilder.buildAndThrow(AssertionFailureBuilder.java:132)
	at org.junit.jupiter.api.AssertTrue.failNotTrue(AssertTrue.java:63)
	at org.junit.jupiter.api.AssertTrue.assertTrue(AssertTrue.java:36)
	at org.junit.jupiter.api.Assertions.assertTrue(Assertions.java:214)
	at com.banking.qa.steps.TransferenciaSteps.sistemaMostraMensagemErroTransferencia(TransferenciaSteps.java:116)
	at ✽.o sistema deve exibir mensagem de erro(classpath:features/transferencia.feature:37)
&amp#27;[0m

    Embedding screenshot-falha [image/png 134445 bytes]

]]></system-out>
    <system-err><![CDATA[[main] INFO io.github.bonigarcia.wdm.WebDriverManager - Using chromedriver 147.0.7727.117 (resolved driver for Chrome 147)
[main] INFO io.github.bonigarcia.wdm.WebDriverManager - Exporting webdriver.chrome.driver as /Users/victor/.cache/selenium/chromedriver/mac64/147.0.7727.117/chromedriver
abr. 29, 2026 4:45:50 PM org.openqa.selenium.devtools.CdpVersionFinder findNearestMatch
ADVERTÊNCIA: Unable to find CDP implementation matching 147
abr. 29, 2026 4:45:50 PM org.openqa.selenium.chromium.ChromiumDriver lambda$new$5
ADVERTÊNCIA: Unable to find version of CDP to use for 147.0.7727.119. You may need to include a dependency on a specific version of the CDP using something similar to `org.seleniumhq.selenium:selenium-devtools-v86:4.18.1` where the version ("v86") matches the version of the chromium-based browser you're using and the version number of the artifact is the same as Selenium's.
]]></system-err>
  </testcase>
  <testcase name="Tentativa de transferência sem informar valor" classname="Transferência entre Contas" time="9.864">
    <failure message="Esperava mensagem de erro, mas nenhuma foi exibida ==&gt; expected: &lt;true&gt; but was: &lt;false&gt;" type="org.opentest4j.AssertionFailedError"><![CDATA[org.opentest4j.AssertionFailedError: Esperava mensagem de erro, mas nenhuma foi exibida ==> expected: <true> but was: <false>
	at com.banking.qa.steps.TransferenciaSteps.sistemaMostraMensagemErroTransferencia(TransferenciaSteps.java:116)
	at ✽.o sistema deve exibir mensagem de erro(classpath:features/transferencia.feature:46)
]]></failure>
    <system-out><![CDATA[
@transferencia @regressao @negativo @bug
Cenário: Tentativa de transferência sem informar valor                  &amp#27;[90m# features/transferencia.feature:40&amp#27;[0m
Iniciando cenário: Tentativa de transferência sem informar valor
  &amp#27;[32mDado &amp#27;[0m&amp#27;[32mque o usuário está autenticado com usuário &amp#27;[0m&amp#27;[32m&amp#27;[1m"john"&amp#27;[0m&amp#27;[32m e senha &amp#27;[0m&amp#27;[32m&amp#27;[1m"demo"&amp#27;[0m &amp#27;[90m# com.banking.qa.steps.TransferenciaSteps.usuarioAutenticado(java.lang.String,java.lang.String)&amp#27;[0m
  &amp#27;[32mE &amp#27;[0m&amp#27;[32macessa a página de transferência de fundos&amp#27;[0m                          &amp#27;[90m# com.banking.qa.steps.TransferenciaSteps.acessaPaginaTransferencia()&amp#27;[0m
  &amp#27;[32mQuando &amp#27;[0m&amp#27;[32mo usuário não informa o valor da transferência&amp#27;[0m                 &amp#27;[90m# com.banking.qa.steps.TransferenciaSteps.usuarioNaoInformaValor()&amp#27;[0m
  &amp#27;[32mE &amp#27;[0m&amp#27;[32mseleciona a conta de origem disponível&amp#27;[0m                              &amp#27;[90m# com.banking.qa.steps.TransferenciaSteps.selecionaContaOrigem()&amp#27;[0m
  &amp#27;[32mE &amp#27;[0m&amp#27;[32mseleciona uma conta de destino diferente&amp#27;[0m                            &amp#27;[90m# com.banking.qa.steps.TransferenciaSteps.selecionaContaDestino()&amp#27;[0m
  &amp#27;[32mE &amp#27;[0m&amp#27;[32mconfirma a transferência&amp#27;[0m                                            &amp#27;[90m# com.banking.qa.steps.TransferenciaSteps.confirmaTransferencia()&amp#27;[0m
  &amp#27;[31mEntão &amp#27;[0m&amp#27;[31mo sistema deve exibir mensagem de erro&amp#27;[0m                          &amp#27;[90m# com.banking.qa.steps.TransferenciaSteps.sistemaMostraMensagemErroTransferencia()&amp#27;[0m
      &amp#27;[31morg.opentest4j.AssertionFailedError: Esperava mensagem de erro, mas nenhuma foi exibida ==> expected: <true> but was: <false>
	at org.junit.jupiter.api.AssertionFailureBuilder.build(AssertionFailureBuilder.java:151)
	at org.junit.jupiter.api.AssertionFailureBuilder.buildAndThrow(AssertionFailureBuilder.java:132)
	at org.junit.jupiter.api.AssertTrue.failNotTrue(AssertTrue.java:63)
	at org.junit.jupiter.api.AssertTrue.assertTrue(AssertTrue.java:36)
	at org.junit.jupiter.api.Assertions.assertTrue(Assertions.java:214)
	at com.banking.qa.steps.TransferenciaSteps.sistemaMostraMensagemErroTransferencia(TransferenciaSteps.java:116)
	at ✽.o sistema deve exibir mensagem de erro(classpath:features/transferencia.feature:46)
&amp#27;[0m

    Embedding screenshot-falha [image/png 126554 bytes]

]]></system-out>
    <system-err><![CDATA[[main] INFO io.github.bonigarcia.wdm.WebDriverManager - Using chromedriver 147.0.7727.117 (resolved driver for Chrome 147)
[main] INFO io.github.bonigarcia.wdm.WebDriverManager - Exporting webdriver.chrome.driver as /Users/victor/.cache/selenium/chromedriver/mac64/147.0.7727.117/chromedriver
abr. 29, 2026 4:45:59 PM org.openqa.selenium.devtools.CdpVersionFinder findNearestMatch
ADVERTÊNCIA: Unable to find CDP implementation matching 147
abr. 29, 2026 4:45:59 PM org.openqa.selenium.chromium.ChromiumDriver lambda$new$5
ADVERTÊNCIA: Unable to find version of CDP to use for 147.0.7727.119. You may need to include a dependency on a specific version of the CDP using something similar to `org.seleniumhq.selenium:selenium-devtools-v86:4.18.1` where the version ("v86") matches the version of the chromium-based browser you're using and the version number of the artifact is the same as Selenium's.
]]></system-err>
  </testcase>
  <testcase name="Validação da transferência no banco de dados" classname="Transferência entre Contas" time="4.801">
    <failure message="Tipo de transação incorreto. Esperado: Funds Transfer Sent, Obtido: Saldo inicial ==&gt; expected: &lt;true&gt; but was: &lt;false&gt;" type="org.opentest4j.AssertionFailedError"><![CDATA[org.opentest4j.AssertionFailedError: Tipo de transação incorreto. Esperado: Funds Transfer Sent, Obtido: Saldo inicial ==> expected: <true> but was: <false>
	at com.banking.qa.steps.TransferenciaSteps.tipoTransacaoCorreto(TransferenciaSteps.java:140)
	at ✽.o tipo da transação deve ser "Funds Transfer Sent"(classpath:features/transferencia.feature:56)
]]></failure>
    <system-out><![CDATA[
@transferencia @regressao @banco_de_dados
Cenário: Validação da transferência no banco de dados                   &amp#27;[90m# features/transferencia.feature:49&amp#27;[0m
Iniciando cenário: Validação da transferência no banco de dados
  &amp#27;[32mDado &amp#27;[0m&amp#27;[32mque o usuário está autenticado com usuário &amp#27;[0m&amp#27;[32m&amp#27;[1m"john"&amp#27;[0m&amp#27;[32m e senha &amp#27;[0m&amp#27;[32m&amp#27;[1m"demo"&amp#27;[0m &amp#27;[90m# com.banking.qa.steps.TransferenciaSteps.usuarioAutenticado(java.lang.String,java.lang.String)&amp#27;[0m
  &amp#27;[32mE &amp#27;[0m&amp#27;[32macessa a página de transferência de fundos&amp#27;[0m                          &amp#27;[90m# com.banking.qa.steps.TransferenciaSteps.acessaPaginaTransferencia()&amp#27;[0m
  &amp#27;[32mQuando &amp#27;[0m&amp#27;[32mo usuário informa o valor &amp#27;[0m&amp#27;[32m&amp#27;[1m"50.00"&amp#27;[0m                              &amp#27;[90m# com.banking.qa.steps.TransferenciaSteps.usuarioInformaValor(java.lang.String)&amp#27;[0m
  &amp#27;[32mE &amp#27;[0m&amp#27;[32mseleciona a conta de origem disponível&amp#27;[0m                              &amp#27;[90m# com.banking.qa.steps.TransferenciaSteps.selecionaContaOrigem()&amp#27;[0m
  &amp#27;[32mE &amp#27;[0m&amp#27;[32mseleciona uma conta de destino diferente&amp#27;[0m                            &amp#27;[90m# com.banking.qa.steps.TransferenciaSteps.selecionaContaDestino()&amp#27;[0m
  &amp#27;[32mE &amp#27;[0m&amp#27;[32mconfirma a transferência&amp#27;[0m                                            &amp#27;[90m# com.banking.qa.steps.TransferenciaSteps.confirmaTransferencia()&amp#27;[0m
  &amp#27;[32mEntão &amp#27;[0m&amp#27;[32mo sistema deve exibir mensagem de sucesso &amp#27;[0m&amp#27;[32m&amp#27;[1m"Transfer Complete!"&amp#27;[0m  &amp#27;[90m# com.banking.qa.steps.TransferenciaSteps.sistemaMostraMensagemSucesso(java.lang.String)&amp#27;[0m
AVISO: Banco não disponível: ERROR: column "transaction.id" must appear in the GROUP BY clause or be used in an aggregate function
  Posição: 79
  &amp#27;[32mE &amp#27;[0m&amp#27;[32ma transação deve estar registrada na tabela &amp#27;[0m&amp#27;[32m&amp#27;[1m"TRANSACTION"&amp#27;[0m&amp#27;[32m do banco&amp#27;[0m  &amp#27;[90m# com.banking.qa.steps.TransferenciaSteps.transacaoRegistradaNoBanco(java.lang.String)&amp#27;[0m
  &amp#27;[31mE &amp#27;[0m&amp#27;[31mo tipo da transação deve ser &amp#27;[0m&amp#27;[31m&amp#27;[1m"Funds Transfer Sent"&amp#27;[0m                  &amp#27;[90m# com.banking.qa.steps.TransferenciaSteps.tipoTransacaoCorreto(java.lang.String)&amp#27;[0m
      &amp#27;[31morg.opentest4j.AssertionFailedError: Tipo de transação incorreto. Esperado: Funds Transfer Sent, Obtido: Saldo inicial ==> expected: <true> but was: <false>
	at org.junit.jupiter.api.AssertionFailureBuilder.build(AssertionFailureBuilder.java:151)
	at org.junit.jupiter.api.AssertionFailureBuilder.buildAndThrow(AssertionFailureBuilder.java:132)
	at org.junit.jupiter.api.AssertTrue.failNotTrue(AssertTrue.java:63)
	at org.junit.jupiter.api.AssertTrue.assertTrue(AssertTrue.java:36)
	at org.junit.jupiter.api.Assertions.assertTrue(Assertions.java:214)
	at com.banking.qa.steps.TransferenciaSteps.tipoTransacaoCorreto(TransferenciaSteps.java:140)
	at ✽.o tipo da transação deve ser "Funds Transfer Sent"(classpath:features/transferencia.feature:56)
&amp#27;[0m

    Embedding screenshot-falha [image/png 131210 bytes]

]]></system-out>
    <system-err><![CDATA[[main] INFO io.github.bonigarcia.wdm.WebDriverManager - Using chromedriver 147.0.7727.117 (resolved driver for Chrome 147)
[main] INFO io.github.bonigarcia.wdm.WebDriverManager - Exporting webdriver.chrome.driver as /Users/victor/.cache/selenium/chromedriver/mac64/147.0.7727.117/chromedriver
abr. 29, 2026 4:46:09 PM org.openqa.selenium.devtools.CdpVersionFinder findNearestMatch
ADVERTÊNCIA: Unable to find CDP implementation matching 147
abr. 29, 2026 4:46:09 PM org.openqa.selenium.chromium.ChromiumDriver lambda$new$5
ADVERTÊNCIA: Unable to find version of CDP to use for 147.0.7727.119. You may need to include a dependency on a specific version of the CDP using something similar to `org.seleniumhq.selenium:selenium-devtools-v86:4.18.1` where the version ("v86") matches the version of the chromium-based browser you're using and the version number of the artifact is the same as Selenium's.
]]></system-err>
  </testcase>
</testsuite>