<?xml version="1.0" encoding="UTF-8"?>
<testsuite xmlns:xsi="http://www.w3.org/2001/XMLSchema-instance" xsi:noNamespaceSchemaLocation="https://maven.apache.org/surefire/maven-surefire-plugin/xsd/surefire-test-report-3.0.xsd" version="3.0" name="com.banking.qa.runners.AllTestsRunner" time="392.842" tests="47" errors="4" skipped="0" failures="10">
  <properties>
[...]
</properties>
  <testcase name="Verificar integridade referencial entre conta e cliente" classname="Validações de Banco de Dados (SQL / DB2)" time="0.632">
    <system-out><![CDATA[
@banco_de_dados @sql @positivo
Cenário: Verificar integridade referencial entre conta e cliente           &amp#27;[90m# features/banco_de_dados.feature:9&amp#27;[0m
Iniciando cenário: Verificar integridade referencial entre conta e cliente
  &amp#27;[32mDado &amp#27;[0m&amp#27;[32mque o banco de dados está disponível&amp#27;[0m                                &amp#27;[90m# com.banking.qa.steps.database.DatabaseSteps.bancoDadosDisponivel()&amp#27;[0m
  &amp#27;[32mQuando &amp#27;[0m&amp#27;[32mexecuto a query de validação de integridade referencial de contas&amp#27;[0m &amp#27;[90m# com.banking.qa.steps.database.DatabaseSteps.executaQueryIntegridadeContas()&amp#27;[0m
Integridade referencial conta-cliente: OK
  &amp#27;[32mEntão &amp#27;[0m&amp#27;[32mnão deve existir conta sem cliente associado&amp#27;[0m                       &amp#27;[90m# com.banking.qa.steps.database.DatabaseSteps.naoDeveExistirContaSemCliente()&amp#27;[0m
]]></system-out>
  </testcase>
  <testcase name="Verificar integridade referencial entre conta e cliente" classname="Validações de Banco de Dados (SQL / DB2)" time="0.017">
    <system-out><![CDATA[
@banco_de_dados @sql @positivo
Cenário: Verificar integridade referencial entre conta e cliente           &amp#27;[90m# features/banco_de_dados/banco_de_dados.feature:9&amp#27;[0m
Iniciando cenário: Verificar integridade referencial entre conta e cliente
  &amp#27;[32mDado &amp#27;[0m&amp#27;[32mque o banco de dados está disponível&amp#27;[0m                                &amp#27;[90m# com.banking.qa.steps.database.DatabaseSteps.bancoDadosDisponivel()&amp#27;[0m
  &amp#27;[32mQuando &amp#27;[0m&amp#27;[32mexecuto a query de validação de integridade referencial de contas&amp#27;[0m &amp#27;[90m# com.banking.qa.steps.database.DatabaseSteps.executaQueryIntegridadeContas()&amp#27;[0m
Integridade referencial conta-cliente: OK
  &amp#27;[32mEntão &amp#27;[0m&amp#27;[32mnão deve existir conta sem cliente associado&amp#27;[0m                       &amp#27;[90m# com.banking.qa.steps.database.DatabaseSteps.naoDeveExistirContaSemCliente()&amp#27;[0m
]]></system-out>
  </testcase>
  <testcase name="Verificar saldo negativo indevido" classname="Validações de Banco de Dados (SQL / DB2)" time="0.033">
    <system-out><![CDATA[
@banco_de_dados @sql @positivo
Cenário: Verificar saldo negativo indevido                               &amp#27;[90m# features/banco_de_dados.feature:15&amp#27;[0m
Iniciando cenário: Verificar saldo negativo indevido
  &amp#27;[32mDado &amp#27;[0m&amp#27;[32mque o banco de dados está disponível&amp#27;[0m                              &amp#27;[90m# com.banking.qa.steps.database.DatabaseSteps.bancoDadosDisponivel()&amp#27;[0m
  &amp#27;[32mQuando &amp#27;[0m&amp#27;[32mexecuto a query de verificação de saldo negativo&amp#27;[0m                &amp#27;[90m# com.banking.qa.steps.database.DatabaseSteps.executaQuerySaldoNegativo()&amp#27;[0m
Validação de saldo negativo: OK
  &amp#27;[32mEntão &amp#27;[0m&amp#27;[32mnão deve existir conta com saldo negativo sem ser conta especial&amp#27;[0m &amp#27;[90m# com.banking.qa.steps.database.DatabaseSteps.naoDeveExistirSaldoNegativoIndevido()&amp#27;[0m
]]></system-out>
  </testcase>
  <testcase name="Verificar saldo negativo indevido" classname="Validações de Banco de Dados (SQL / DB2)" time="0.017">
    <system-out><![CDATA[
@banco_de_dados @sql @positivo
Cenário: Verificar saldo negativo indevido                               &amp#27;[90m# features/banco_de_dados/banco_de_dados.feature:15&amp#27;[0m
Iniciando cenário: Verificar saldo negativo indevido
  &amp#27;[32mDado &amp#27;[0m&amp#27;[32mque o banco de dados está disponível&amp#27;[0m                              &amp#27;[90m# com.banking.qa.steps.database.DatabaseSteps.bancoDadosDisponivel()&amp#27;[0m
  &amp#27;[32mQuando &amp#27;[0m&amp#27;[32mexecuto a query de verificação de saldo negativo&amp#27;[0m                &amp#27;[90m# com.banking.qa.steps.database.DatabaseSteps.executaQuerySaldoNegativo()&amp#27;[0m
Validação de saldo negativo: OK
  &amp#27;[32mEntão &amp#27;[0m&amp#27;[32mnão deve existir conta com saldo negativo sem ser conta especial&amp#27;[0m &amp#27;[90m# com.banking.qa.steps.database.DatabaseSteps.naoDeveExistirSaldoNegativoIndevido()&amp#27;[0m
]]></system-out>
  </testcase>
  <testcase name="Verificar consistência de transações" classname="Validações de Banco de Dados (SQL / DB2)" time="0.025">
    <system-out><![CDATA[
@banco_de_dados @sql @positivo
Cenário: Verificar consistência de transações          &amp#27;[90m# features/banco_de_dados.feature:21&amp#27;[0m
Iniciando cenário: Verificar consistência de transações
  &amp#27;[32mDado &amp#27;[0m&amp#27;[32mque o banco de dados está disponível&amp#27;[0m            &amp#27;[90m# com.banking.qa.steps.database.DatabaseSteps.bancoDadosDisponivel()&amp#27;[0m
  &amp#27;[32mQuando &amp#27;[0m&amp#27;[32mexecuto a query de consistência de transações&amp#27;[0m &amp#27;[90m# com.banking.qa.steps.database.DatabaseSteps.executaQueryConsistenciaTransacoes()&amp#27;[0m
Consistência de transações: OK
  &amp#27;[32mEntão &amp#27;[0m&amp#27;[32mtoda transação deve ter conta de origem válida&amp#27;[0m &amp#27;[90m# com.banking.qa.steps.database.DatabaseSteps.transacoesDevemTerContaValida()&amp#27;[0m
]]></system-out>
  </testcase>
  <testcase name="Verificar consistência de transações" classname="Validações de Banco de Dados (SQL / DB2)" time="0.024">
    <system-out><![CDATA[
@banco_de_dados @sql @positivo
Cenário: Verificar consistência de transações          &amp#27;[90m# features/banco_de_dados/banco_de_dados.feature:21&amp#27;[0m
Iniciando cenário: Verificar consistência de transações
  &amp#27;[32mDado &amp#27;[0m&amp#27;[32mque o banco de dados está disponível&amp#27;[0m            &amp#27;[90m# com.banking.qa.steps.database.DatabaseSteps.bancoDadosDisponivel()&amp#27;[0m
  &amp#27;[32mQuando &amp#27;[0m&amp#27;[32mexecuto a query de consistência de transações&amp#27;[0m &amp#27;[90m# com.banking.qa.steps.database.DatabaseSteps.executaQueryConsistenciaTransacoes()&amp#27;[0m
Consistência de transações: OK
  &amp#27;[32mEntão &amp#27;[0m&amp#27;[32mtoda transação deve ter conta de origem válida&amp#27;[0m &amp#27;[90m# com.banking.qa.steps.database.DatabaseSteps.transacoesDevemTerContaValida()&amp#27;[0m
]]></system-out>
  </testcase>
  <testcase name="Contar total de clientes ativos" classname="Validações de Banco de Dados (SQL / DB2)" time="0.02">
    <system-out><![CDATA[
@banco_de_dados @sql @positivo
Cenário: Contar total de clientes ativos       &amp#27;[90m# features/banco_de_dados.feature:27&amp#27;[0m
Iniciando cenário: Contar total de clientes ativos
  &amp#27;[32mDado &amp#27;[0m&amp#27;[32mque o banco de dados está disponível&amp#27;[0m    &amp#27;[90m# com.banking.qa.steps.database.DatabaseSteps.bancoDadosDisponivel()&amp#27;[0m
  &amp#27;[32mQuando &amp#27;[0m&amp#27;[32mexecuto a contagem de clientes ativos&amp#27;[0m &amp#27;[90m# com.banking.qa.steps.database.DatabaseSteps.executaContagemClientesAtivos()&amp#27;[0m
Clientes ativos: OK
  &amp#27;[32mEntão &amp#27;[0m&amp#27;[32mo resultado deve ser maior que zero&amp#27;[0m    &amp#27;[90m# com.banking.qa.steps.database.DatabaseSteps.resultadoMaiorQueZero()&amp#27;[0m
]]></system-out>
  </testcase>
  <testcase name="Contar total de clientes ativos" classname="Validações de Banco de Dados (SQL / DB2)" time="0.026">
    <system-out><![CDATA[
@banco_de_dados @sql @positivo
Cenário: Contar total de clientes ativos       &amp#27;[90m# features/banco_de_dados/banco_de_dados.feature:27&amp#27;[0m
Iniciando cenário: Contar total de clientes ativos
  &amp#27;[32mDado &amp#27;[0m&amp#27;[32mque o banco de dados está disponível&amp#27;[0m    &amp#27;[90m# com.banking.qa.steps.database.DatabaseSteps.bancoDadosDisponivel()&amp#27;[0m
  &amp#27;[32mQuando &amp#27;[0m&amp#27;[32mexecuto a contagem de clientes ativos&amp#27;[0m &amp#27;[90m# com.banking.qa.steps.database.DatabaseSteps.executaContagemClientesAtivos()&amp#27;[0m
Clientes ativos: OK
  &amp#27;[32mEntão &amp#27;[0m&amp#27;[32mo resultado deve ser maior que zero&amp#27;[0m    &amp#27;[90m# com.banking.qa.steps.database.DatabaseSteps.resultadoMaiorQueZero()&amp#27;[0m
]]></system-out>
  </testcase>
  <testcase name="Verificar duplicidade de CPF" classname="Validações de Banco de Dados (SQL / DB2)" time="0.021">
    <system-out><![CDATA[
@banco_de_dados @sql @positivo
Cenário: Verificar duplicidade de CPF                         &amp#27;[90m# features/banco_de_dados.feature:33&amp#27;[0m
Iniciando cenário: Verificar duplicidade de CPF
  &amp#27;[32mDado &amp#27;[0m&amp#27;[32mque o banco de dados está disponível&amp#27;[0m                   &amp#27;[90m# com.banking.qa.steps.database.DatabaseSteps.bancoDadosDisponivel()&amp#27;[0m
  &amp#27;[32mQuando &amp#27;[0m&amp#27;[32mexecuto a query de verificação de duplicidade de CPF&amp#27;[0m &amp#27;[90m# com.banking.qa.steps.database.DatabaseSteps.executaQueryDuplicidadeCPF()&amp#27;[0m
Unicidade de CPF: OK
  &amp#27;[32mEntão &amp#27;[0m&amp#27;[32mnão deve existir CPF duplicado na base de clientes&amp#27;[0m    &amp#27;[90m# com.banking.qa.steps.database.DatabaseSteps.naoDeveExistirCPFDuplicado()&amp#27;[0m
]]></system-out>
  </testcase>
  <testcase name="Verificar duplicidade de CPF" classname="Validações de Banco de Dados (SQL / DB2)" time="0.02">
    <system-out><![CDATA[
@banco_de_dados @sql @positivo
Cenário: Verificar duplicidade de CPF                         &amp#27;[90m# features/banco_de_dados/banco_de_dados.feature:33&amp#27;[0m
Iniciando cenário: Verificar duplicidade de CPF
  &amp#27;[32mDado &amp#27;[0m&amp#27;[32mque o banco de dados está disponível&amp#27;[0m                   &amp#27;[90m# com.banking.qa.steps.database.DatabaseSteps.bancoDadosDisponivel()&amp#27;[0m
  &amp#27;[32mQuando &amp#27;[0m&amp#27;[32mexecuto a query de verificação de duplicidade de CPF&amp#27;[0m &amp#27;[90m# com.banking.qa.steps.database.DatabaseSteps.executaQueryDuplicidadeCPF()&amp#27;[0m
Unicidade de CPF: OK
  &amp#27;[32mEntão &amp#27;[0m&amp#27;[32mnão deve existir CPF duplicado na base de clientes&amp#27;[0m    &amp#27;[90m# com.banking.qa.steps.database.DatabaseSteps.naoDeveExistirCPFDuplicado()&amp#27;[0m
]]></system-out>
  </testcase>
  <testcase name="Verificar transações sem registro de auditoria" classname="Validações de Banco de Dados (SQL / DB2)" time="0.017">
    <system-out><![CDATA[
@banco_de_dados @sql @auditoria
Cenário: Verificar transações sem registro de auditoria              &amp#27;[90m# features/banco_de_dados.feature:39&amp#27;[0m
Iniciando cenário: Verificar transações sem registro de auditoria
  &amp#27;[32mDado &amp#27;[0m&amp#27;[32mque o banco de dados está disponível&amp#27;[0m                          &amp#27;[90m# com.banking.qa.steps.database.DatabaseSteps.bancoDadosDisponivel()&amp#27;[0m
  &amp#27;[32mQuando &amp#27;[0m&amp#27;[32mexecuto a query de auditoria de transações&amp#27;[0m                  &amp#27;[90m# com.banking.qa.steps.database.DatabaseSteps.executaQueryAuditoria()&amp#27;[0m
Auditoria de transações: OK
  &amp#27;[32mEntão &amp#27;[0m&amp#27;[32mtoda transação deve ter registro de auditoria correspondente&amp#27;[0m &amp#27;[90m# com.banking.qa.steps.database.DatabaseSteps.transacoesDevemTerAuditoria()&amp#27;[0m
]]></system-out>
  </testcase>
  <testcase name="Verificar transações sem registro de auditoria" classname="Validações de Banco de Dados (SQL / DB2)" time="0.017">
    <system-out><![CDATA[
@banco_de_dados @sql @auditoria
Cenário: Verificar transações sem registro de auditoria              &amp#27;[90m# features/banco_de_dados/banco_de_dados.feature:39&amp#27;[0m
Iniciando cenário: Verificar transações sem registro de auditoria
  &amp#27;[32mDado &amp#27;[0m&amp#27;[32mque o banco de dados está disponível&amp#27;[0m                          &amp#27;[90m# com.banking.qa.steps.database.DatabaseSteps.bancoDadosDisponivel()&amp#27;[0m
  &amp#27;[32mQuando &amp#27;[0m&amp#27;[32mexecuto a query de auditoria de transações&amp#27;[0m                  &amp#27;[90m# com.banking.qa.steps.database.DatabaseSteps.executaQueryAuditoria()&amp#27;[0m
Auditoria de transações: OK
  &amp#27;[32mEntão &amp#27;[0m&amp#27;[32mtoda transação deve ter registro de auditoria correspondente&amp#27;[0m &amp#27;[90m# com.banking.qa.steps.database.DatabaseSteps.transacoesDevemTerAuditoria()&amp#27;[0m
]]></system-out>
  </testcase>
  <testcase name="Jornada completa — do registro ao logout" classname="Jornada Completa do Correntista" time="34.7">
    <error message="Expected condition failed: waiting for visibility of element located by By.id: customer.firstName (tried for 15 second(s) with 500 milliseconds interval)&#10;Build info: version: &apos;4.18.1&apos;, revision: &apos;b1d3319b48&apos;&#10;System info: os.name: &apos;Mac OS X&apos;, os.arch: &apos;x86_64&apos;, os.version: &apos;15.7.3&apos;, java.version: &apos;25.0.2&apos;&#10;Driver info: org.openqa.selenium.chrome.ChromeDriver&#10;Capabilities {acceptInsecureCerts: false, browserName: chrome, browserVersion: 147.0.7727.119, chrome: {chromedriverVersion: 147.0.7727.117 (474cc805edd..., userDataDir: /var/folders/pw/z_1c8mb11pz...}, fedcm:accounts: true, goog:chromeOptions: {debuggerAddress: localhost:58942}, goog:processID: 36602, networkConnectionEnabled: false, pageLoadStrategy: normal, platformName: mac, proxy: Proxy(), se:cdp: ws://localhost:58942/devtoo..., se:cdpVersion: 147.0.7727.119, setWindowRect: true, strictFileInteractability: false, timeouts: {implicit: 0, pageLoad: 300000, script: 30000}, unhandledPromptBehavior: dismiss and notify, webauthn:extension:credBlob: true, webauthn:extension:largeBlob: true, webauthn:extension:minPinLength: true, webauthn:extension:prf: true, webauthn:virtualAuthenticators: true}&#10;Session ID: a5938c18ac8e1868ba9a79244079e0ed" type="org.openqa.selenium.TimeoutException"><![CDATA[org.openqa.selenium.TimeoutException: 
Expected condition failed: waiting for visibility of element located by By.id: customer.firstName (tried for 15 second(s) with 500 milliseconds interval)
Build info: version: '4.18.1', revision: 'b1d3319b48'
System info: os.name: 'Mac OS X', os.arch: 'x86_64', os.version: '15.7.3', java.version: '25.0.2'
Driver info: org.openqa.selenium.chrome.ChromeDriver
Capabilities {acceptInsecureCerts: false, browserName: chrome, browserVersion: 147.0.7727.119, chrome: {chromedriverVersion: 147.0.7727.117 (474cc805edd..., userDataDir: /var/folders/pw/z_1c8mb11pz...}, fedcm:accounts: true, goog:chromeOptions: {debuggerAddress: localhost:58942}, goog:processID: 36602, networkConnectionEnabled: false, pageLoadStrategy: normal, platformName: mac, proxy: Proxy(), se:cdp: ws://localhost:58942/devtoo..., se:cdpVersion: 147.0.7727.119, setWindowRect: true, strictFileInteractability: false, timeouts: {implicit: 0, pageLoad: 300000, script: 30000}, unhandledPromptBehavior: dismiss and notify, webauthn:extension:credBlob: true, webauthn:extension:largeBlob: true, webauthn:extension:minPinLength: true, webauthn:extension:prf: true, webauthn:virtualAuthenticators: true}
Session ID: a5938c18ac8e1868ba9a79244079e0ed
	at org.openqa.selenium.support.ui.WebDriverWait.timeoutException(WebDriverWait.java:84)
	at org.openqa.selenium.support.ui.FluentWait.until(FluentWait.java:228)
	at com.banking.qa.pages.BasePage.waitVisible(BasePage.java:24)
	at com.banking.qa.pages.BasePage.type(BasePage.java:36)
	at com.banking.qa.pages.RegisterPage.fillForm(RegisterPage.java:31)
	at com.banking.qa.steps.e2e.E2ESteps.preencheFormularioRegistro(E2ESteps.java:45)
	at ✽.preenche o formulário com dados válidos gerados automaticamente(classpath:features/e2e/jornada_completa.feature:12)
]]></error>
    <system-out><![CDATA[
@e2e @e2e @smoke
Cenário: Jornada completa — do registro ao logout                         &amp#27;[90m# features/e2e/jornada_completa.feature:9&amp#27;[0m
Iniciando cenário: Jornada completa — do registro ao logout
  &amp#27;[32mDado &amp#27;[0m&amp#27;[32mque um novo usuário acessa a página de registro&amp#27;[0m                    &amp#27;[90m# com.banking.qa.steps.e2e.E2ESteps.acessaPaginaRegistro()&amp#27;[0m
  &amp#27;[31mQuando &amp#27;[0m&amp#27;[31mpreenche o formulário com dados válidos gerados automaticamente&amp#27;[0m  &amp#27;[90m# com.banking.qa.steps.e2e.E2ESteps.preencheFormularioRegistro()&amp#27;[0m
      &amp#27;[31morg.openqa.selenium.TimeoutException: Expected condition failed: waiting for visibility of element located by By.id: customer.firstName (tried for 15 second(s) with 500 milliseconds interval)
Build info: version: '4.18.1', revision: 'b1d3319b48'
System info: os.name: 'Mac OS X', os.arch: 'x86_64', os.version: '15.7.3', java.version: '25.0.2'
Driver info: org.openqa.selenium.chrome.ChromeDriver
Capabilities {acceptInsecureCerts: false, browserName: chrome, browserVersion: 147.0.7727.119, chrome: {chromedriverVersion: 147.0.7727.117 (474cc805edd..., userDataDir: /var/folders/pw/z_1c8mb11pz...}, fedcm:accounts: true, goog:chromeOptions: {debuggerAddress: localhost:58942}, goog:processID: 36602, networkConnectionEnabled: false, pageLoadStrategy: normal, platformName: mac, proxy: Proxy(), se:cdp: ws://localhost:58942/devtoo..., se:cdpVersion: 147.0.7727.119, setWindowRect: true, strictFileInteractability: false, timeouts: {implicit: 0, pageLoad: 300000, script: 30000}, unhandledPromptBehavior: dismiss and notify, webauthn:extension:credBlob: true, webauthn:extension:largeBlob: true, webauthn:extension:minPinLength: true, webauthn:extension:prf: true, webauthn:virtualAuthenticators: true}
Session ID: a5938c18ac8e1868ba9a79244079e0ed
	at org.openqa.selenium.support.ui.WebDriverWait.timeoutException(WebDriverWait.java:84)
	at org.openqa.selenium.support.ui.FluentWait.until(FluentWait.java:228)
	at com.banking.qa.pages.BasePage.waitVisible(BasePage.java:24)
	at com.banking.qa.pages.BasePage.type(BasePage.java:36)
	at com.banking.qa.pages.RegisterPage.fillForm(RegisterPage.java:31)
	at com.banking.qa.steps.e2e.E2ESteps.preencheFormularioRegistro(E2ESteps.java:45)
	at ✽.preenche o formulário com dados válidos gerados automaticamente(classpath:features/e2e/jornada_completa.feature:12)
&amp#27;[0m
  &amp#27;[36mE &amp#27;[0m&amp#27;[36msubmete o formulário de registro&amp#27;[0m                                      &amp#27;[90m# com.banking.qa.steps.e2e.E2ESteps.submeteRegistro()&amp#27;[0m
  &amp#27;[36mEntão &amp#27;[0m&amp#27;[36mo registro deve ser concluído com sucesso&amp#27;[0m                         &amp#27;[90m# com.banking.qa.steps.e2e.E2ESteps.registroConcluidoComSucesso()&amp#27;[0m
  &amp#27;[36mE &amp#27;[0m&amp#27;[36mo novo usuário deve estar autenticado automaticamente&amp#27;[0m                 &amp#27;[90m# com.banking.qa.steps.e2e.E2ESteps.usuarioAutenticadoAposRegistro()&amp#27;[0m
  &amp#27;[36mQuando &amp#27;[0m&amp#27;[36mnavega para a visão geral de contas&amp#27;[0m                              &amp#27;[90m# com.banking.qa.steps.e2e.E2ESteps.navegaParaVisaoGeral()&amp#27;[0m
  &amp#27;[36mEntão &amp#27;[0m&amp#27;[36mpelo menos uma conta deve estar visível no painel&amp#27;[0m                 &amp#27;[90m# com.banking.qa.steps.e2e.E2ESteps.pelaMenosUmaContaVisivel()&amp#27;[0m
  &amp#27;[36mQuando &amp#27;[0m&amp#27;[36mabre uma nova conta do tipo &amp#27;[0m&amp#27;[36m&amp#27;[1m"SAVINGS"&amp#27;[0m                            &amp#27;[90m# com.banking.qa.steps.e2e.E2ESteps.abreNovaConta(java.lang.String)&amp#27;[0m
  &amp#27;[36mEntão &amp#27;[0m&amp#27;[36ma nova conta de poupança deve ser criada com sucesso&amp#27;[0m              &amp#27;[90m# com.banking.qa.steps.e2e.E2ESteps.novaContaCriadaComSucesso()&amp#27;[0m
  &amp#27;[36mE &amp#27;[0m&amp#27;[36mo número da nova conta deve ser exibido&amp#27;[0m                               &amp#27;[90m# com.banking.qa.steps.e2e.E2ESteps.numeroNovaContaExibido()&amp#27;[0m
  &amp#27;[36mQuando &amp#27;[0m&amp#27;[36mrealiza uma transferência de &amp#27;[0m&amp#27;[36m&amp#27;[1m"50.00"&amp#27;[0m&amp#27;[36m entre as contas disponíveis&amp#27;[0m &amp#27;[90m# com.banking.qa.steps.e2e.E2ESteps.realizaTransferencia(java.lang.String)&amp#27;[0m
  &amp#27;[36mEntão &amp#27;[0m&amp#27;[36ma transferência deve ser registrada com sucesso&amp#27;[0m                   &amp#27;[90m# com.banking.qa.steps.e2e.E2ESteps.transferenciaBemSucedida()&amp#27;[0m
  &amp#27;[36mQuando &amp#27;[0m&amp#27;[36mconsulta o extrato de uma conta&amp#27;[0m                                  &amp#27;[90m# com.banking.qa.steps.e2e.E2ESteps.consultaExtrato()&amp#27;[0m
  &amp#27;[36mEntão &amp#27;[0m&amp#27;[36mo extrato deve ser exibido com as movimentações&amp#27;[0m                   &amp#27;[90m# com.banking.qa.steps.e2e.E2ESteps.extratoExibido()&amp#27;[0m
  &amp#27;[36mQuando &amp#27;[0m&amp#27;[36mrealiza o pagamento de um boleto de &amp#27;[0m&amp#27;[36m&amp#27;[1m"25.00"&amp#27;[0m                      &amp#27;[90m# com.banking.qa.steps.e2e.E2ESteps.realizaPagamentoBoleto(java.lang.String)&amp#27;[0m
  &amp#27;[36mEntão &amp#27;[0m&amp#27;[36mo pagamento deve ser confirmado com sucesso&amp#27;[0m                       &amp#27;[90m# com.banking.qa.steps.e2e.E2ESteps.pagamentoConfirmado()&amp#27;[0m
  &amp#27;[36mQuando &amp#27;[0m&amp#27;[36mrealiza o logout&amp#27;[0m                                                 &amp#27;[90m# com.banking.qa.steps.e2e.E2ESteps.realizaLogout()&amp#27;[0m
  &amp#27;[36mEntão &amp#27;[0m&amp#27;[36mdeve ser redirecionado para a página de login&amp#27;[0m                     &amp#27;[90m# com.banking.qa.steps.e2e.E2ESteps.redirecionadoPaginaLogin()&amp#27;[0m
  &amp#27;[36mE &amp#27;[0m&amp#27;[36mnão deve ter acesso às páginas protegidas&amp#27;[0m                             &amp#27;[90m# com.banking.qa.steps.e2e.E2ESteps.semAcessoPaginasProtegidas()&amp#27;[0m

    Embedding screenshot-falha [image/png 21523 bytes]

]]></system-out>
    <system-err><![CDATA[[main] INFO io.github.bonigarcia.wdm.WebDriverManager - Using chromedriver 147.0.7727.117 (resolved driver for Chrome 147)
[main] INFO io.github.bonigarcia.wdm.WebDriverManager - Exporting webdriver.chrome.driver as /Users/victor/.cache/selenium/chromedriver/mac64/147.0.7727.117/chromedriver
abr. 29, 2026 5:35:10 PM org.openqa.selenium.devtools.CdpVersionFinder findNearestMatch
ADVERTÊNCIA: Unable to find CDP implementation matching 147
abr. 29, 2026 5:35:10 PM org.openqa.selenium.chromium.ChromiumDriver lambda$new$5
ADVERTÊNCIA: Unable to find version of CDP to use for 147.0.7727.119. You may need to include a dependency on a specific version of the CDP using something similar to `org.seleniumhq.selenium:selenium-devtools-v86:4.18.1` where the version ("v86") matches the version of the chromium-based browser you're using and the version number of the artifact is the same as Selenium's.
]]></system-err>
  </testcase>
  <testcase name="Visualizar extrato da conta corrente" classname="Extrato e Atividade da Conta" time="8.047">
    <failure message="Login falhou — painel de contas não carregado ==&gt; expected: &lt;true&gt; but was: &lt;false&gt;" type="org.opentest4j.AssertionFailedError"><![CDATA[org.opentest4j.AssertionFailedError: Login falhou — painel de contas não carregado ==> expected: <true> but was: <false>
	at com.banking.qa.steps.transferencia.TransferenciaSteps.usuarioAutenticado(TransferenciaSteps.java:33)
	at ✽.que o usuário está autenticado com usuário "john" e senha "demo"(classpath:features/extrato.feature:9)
]]></failure>
    <system-out><![CDATA[
@extrato @regressao @positivo @smoke
Cenário: Visualizar extrato da conta corrente                           &amp#27;[90m# features/extrato.feature:13&amp#27;[0m
Iniciando cenário: Visualizar extrato da conta corrente
  &amp#27;[31mDado &amp#27;[0m&amp#27;[31mque o usuário está autenticado com usuário &amp#27;[0m&amp#27;[31m&amp#27;[1m"john"&amp#27;[0m&amp#27;[31m e senha &amp#27;[0m&amp#27;[31m&amp#27;[1m"demo"&amp#27;[0m &amp#27;[90m# com.banking.qa.steps.transferencia.TransferenciaSteps.usuarioAutenticado(java.lang.String,java.lang.String)&amp#27;[0m
      &amp#27;[31morg.opentest4j.AssertionFailedError: Login falhou — painel de contas não carregado ==> expected: <true> but was: <false>
	at org.junit.jupiter.api.AssertionFailureBuilder.build(AssertionFailureBuilder.java:151)
	at org.junit.jupiter.api.AssertionFailureBuilder.buildAndThrow(AssertionFailureBuilder.java:132)
	at org.junit.jupiter.api.AssertTrue.failNotTrue(AssertTrue.java:63)
	at org.junit.jupiter.api.AssertTrue.assertTrue(AssertTrue.java:36)
	at org.junit.jupiter.api.Assertions.assertTrue(Assertions.java:214)
	at com.banking.qa.steps.transferencia.TransferenciaSteps.usuarioAutenticado(TransferenciaSteps.java:33)
	at ✽.que o usuário está autenticado com usuário "john" e senha "demo"(classpath:features/extrato.feature:9)
&amp#27;[0m
  &amp#27;[36mE &amp#27;[0m&amp#27;[36macessa a visão geral de contas&amp#27;[0m                                      &amp#27;[90m# com.banking.qa.steps.extrato.ExtratoSteps.acessaVisaoGeralDeContas()&amp#27;[0m
  &amp#27;[36mQuando &amp#27;[0m&amp#27;[36mo usuário clica em uma conta disponível&amp#27;[0m                        &amp#27;[90m# com.banking.qa.steps.extrato.ExtratoSteps.clicaEmContaDisponivel()&amp#27;[0m
  &amp#27;[36mEntão &amp#27;[0m&amp#27;[36ma página de atividades da conta deve ser exibida&amp#27;[0m                &amp#27;[90m# com.banking.qa.steps.extrato.ExtratoSteps.paginaAtividadesExibida()&amp#27;[0m
  &amp#27;[36mE &amp#27;[0m&amp#27;[36mdeve exibir o saldo atual da conta&amp#27;[0m                                  &amp#27;[90m# com.banking.qa.steps.extrato.ExtratoSteps.exibeSaldoAtual()&amp#27;[0m
  &amp#27;[36mE &amp#27;[0m&amp#27;[36mdeve exibir a lista de transações&amp#27;[0m                                   &amp#27;[90m# com.banking.qa.steps.extrato.ExtratoSteps.exibeListaTransacoes()&amp#27;[0m

    Embedding screenshot-falha [image/png 19504 bytes]

]]></system-out>
    <system-err><![CDATA[[main] INFO io.github.bonigarcia.wdm.WebDriverManager - Using chromedriver 147.0.7727.117 (resolved driver for Chrome 147)
[main] INFO io.github.bonigarcia.wdm.WebDriverManager - Exporting webdriver.chrome.driver as /Users/victor/.cache/selenium/chromedriver/mac64/147.0.7727.117/chromedriver
abr. 29, 2026 5:35:43 PM org.openqa.selenium.devtools.CdpVersionFinder findNearestMatch
ADVERTÊNCIA: Unable to find CDP implementation matching 147
abr. 29, 2026 5:35:43 PM org.openqa.selenium.chromium.ChromiumDriver lambda$new$5
ADVERTÊNCIA: Unable to find version of CDP to use for 147.0.7727.119. You may need to include a dependency on a specific version of the CDP using something similar to `org.seleniumhq.selenium:selenium-devtools-v86:4.18.1` where the version ("v86") matches the version of the chromium-based browser you're using and the version number of the artifact is the same as Selenium's.
]]></system-err>
  </testcase>
  <testcase name="Visualizar extrato da conta corrente" classname="Extrato e Atividade da Conta" time="4.945">
    <system-out><![CDATA[
@extrato @regressao @positivo @smoke
Cenário: Visualizar extrato da conta corrente                           &amp#27;[90m# features/extrato/extrato.feature:13&amp#27;[0m
Iniciando cenário: Visualizar extrato da conta corrente
  &amp#27;[32mDado &amp#27;[0m&amp#27;[32mque o usuário está autenticado com usuário &amp#27;[0m&amp#27;[32m&amp#27;[1m"john"&amp#27;[0m&amp#27;[32m e senha &amp#27;[0m&amp#27;[32m&amp#27;[1m"demo"&amp#27;[0m &amp#27;[90m# com.banking.qa.steps.transferencia.TransferenciaSteps.usuarioAutenticado(java.lang.String,java.lang.String)&amp#27;[0m
  &amp#27;[32mE &amp#27;[0m&amp#27;[32macessa a visão geral de contas&amp#27;[0m                                      &amp#27;[90m# com.banking.qa.steps.extrato.ExtratoSteps.acessaVisaoGeralDeContas()&amp#27;[0m
  &amp#27;[32mQuando &amp#27;[0m&amp#27;[32mo usuário clica em uma conta disponível&amp#27;[0m                        &amp#27;[90m# com.banking.qa.steps.extrato.ExtratoSteps.clicaEmContaDisponivel()&amp#27;[0m
  &amp#27;[32mEntão &amp#27;[0m&amp#27;[32ma página de atividades da conta deve ser exibida&amp#27;[0m                &amp#27;[90m# com.banking.qa.steps.extrato.ExtratoSteps.paginaAtividadesExibida()&amp#27;[0m
  &amp#27;[32mE &amp#27;[0m&amp#27;[32mdeve exibir o saldo atual da conta&amp#27;[0m                                  &amp#27;[90m# com.banking.qa.steps.extrato.ExtratoSteps.exibeSaldoAtual()&amp#27;[0m
Transações na tela: 0
  &amp#27;[32mE &amp#27;[0m&amp#27;[32mdeve exibir a lista de transações&amp#27;[0m                                   &amp#27;[90m# com.banking.qa.steps.extrato.ExtratoSteps.exibeListaTransacoes()&amp#27;[0m
]]></system-out>
    <system-err><![CDATA[[main] INFO io.github.bonigarcia.wdm.WebDriverManager - Using chromedriver 147.0.7727.117 (resolved driver for Chrome 147)
[main] INFO io.github.bonigarcia.wdm.WebDriverManager - Exporting webdriver.chrome.driver as /Users/victor/.cache/selenium/chromedriver/mac64/147.0.7727.117/chromedriver
abr. 29, 2026 5:36:40 PM org.openqa.selenium.devtools.CdpVersionFinder findNearestMatch
ADVERTÊNCIA: Unable to find CDP implementation matching 147
abr. 29, 2026 5:36:40 PM org.openqa.selenium.chromium.ChromiumDriver lambda$new$5
ADVERTÊNCIA: Unable to find version of CDP to use for 147.0.7727.119. You may need to include a dependency on a specific version of the CDP using something similar to `org.seleniumhq.selenium:selenium-devtools-v86:4.18.1` where the version ("v86") matches the version of the chromium-based browser you're using and the version number of the artifact is the same as Selenium's.
]]></system-err>
  </testcase>
  <testcase name="Filtrar extrato por período" classname="Extrato e Atividade da Conta" time="34.982">
    <error message="Expected condition failed: waiting for presence of any elements located by By.cssSelector: a[href*=&apos;activity.htm&apos;] (tried for 20 second(s) with 500 milliseconds interval)&#10;Build info: version: &apos;4.18.1&apos;, revision: &apos;b1d3319b48&apos;&#10;System info: os.name: &apos;Mac OS X&apos;, os.arch: &apos;x86_64&apos;, os.version: &apos;15.7.3&apos;, java.version: &apos;25.0.2&apos;&#10;Driver info: org.openqa.selenium.chrome.ChromeDriver&#10;Capabilities {acceptInsecureCerts: false, browserName: chrome, browserVersion: 147.0.7727.119, chrome: {chromedriverVersion: 147.0.7727.117 (474cc805edd..., userDataDir: /var/folders/pw/z_1c8mb11pz...}, fedcm:accounts: true, goog:chromeOptions: {debuggerAddress: localhost:59019}, goog:processID: 36727, networkConnectionEnabled: false, pageLoadStrategy: normal, platformName: mac, proxy: Proxy(), se:cdp: ws://localhost:59019/devtoo..., se:cdpVersion: 147.0.7727.119, setWindowRect: true, strictFileInteractability: false, timeouts: {implicit: 0, pageLoad: 300000, script: 30000}, unhandledPromptBehavior: dismiss and notify, webauthn:extension:credBlob: true, webauthn:extension:largeBlob: true, webauthn:extension:minPinLength: true, webauthn:extension:prf: true, webauthn:virtualAuthenticators: true}&#10;Session ID: fab8dae7701f1ba4aeddfeb5883d685d" type="org.openqa.selenium.TimeoutException"><![CDATA[org.openqa.selenium.TimeoutException: 
Expected condition failed: waiting for presence of any elements located by By.cssSelector: a[href*='activity.htm'] (tried for 20 second(s) with 500 milliseconds interval)
Build info: version: '4.18.1', revision: 'b1d3319b48'
System info: os.name: 'Mac OS X', os.arch: 'x86_64', os.version: '15.7.3', java.version: '25.0.2'
Driver info: org.openqa.selenium.chrome.ChromeDriver
Capabilities {acceptInsecureCerts: false, browserName: chrome, browserVersion: 147.0.7727.119, chrome: {chromedriverVersion: 147.0.7727.117 (474cc805edd..., userDataDir: /var/folders/pw/z_1c8mb11pz...}, fedcm:accounts: true, goog:chromeOptions: {debuggerAddress: localhost:59019}, goog:processID: 36727, networkConnectionEnabled: false, pageLoadStrategy: normal, platformName: mac, proxy: Proxy(), se:cdp: ws://localhost:59019/devtoo..., se:cdpVersion: 147.0.7727.119, setWindowRect: true, strictFileInteractability: false, timeouts: {implicit: 0, pageLoad: 300000, script: 30000}, unhandledPromptBehavior: dismiss and notify, webauthn:extension:credBlob: true, webauthn:extension:largeBlob: true, webauthn:extension:minPinLength: true, webauthn:extension:prf: true, webauthn:virtualAuthenticators: true}
Session ID: fab8dae7701f1ba4aeddfeb5883d685d
	at org.openqa.selenium.support.ui.WebDriverWait.timeoutException(WebDriverWait.java:84)
	at org.openqa.selenium.support.ui.FluentWait.until(FluentWait.java:228)
	at com.banking.qa.steps.extrato.ExtratoSteps.clicaEmContaDisponivel(ExtratoSteps.java:37)
	at ✽.o usuário clica em uma conta disponível(classpath:features/extrato.feature:21)
]]></error>
    <system-out><![CDATA[
@extrato @regressao @positivo
Cenário: Filtrar extrato por período                                    &amp#27;[90m# features/extrato.feature:20&amp#27;[0m
Iniciando cenário: Filtrar extrato por período
  &amp#27;[32mDado &amp#27;[0m&amp#27;[32mque o usuário está autenticado com usuário &amp#27;[0m&amp#27;[32m&amp#27;[1m"john"&amp#27;[0m&amp#27;[32m e senha &amp#27;[0m&amp#27;[32m&amp#27;[1m"demo"&amp#27;[0m &amp#27;[90m# com.banking.qa.steps.transferencia.TransferenciaSteps.usuarioAutenticado(java.lang.String,java.lang.String)&amp#27;[0m
  &amp#27;[32mE &amp#27;[0m&amp#27;[32macessa a visão geral de contas&amp#27;[0m                                      &amp#27;[90m# com.banking.qa.steps.extrato.ExtratoSteps.acessaVisaoGeralDeContas()&amp#27;[0m
  &amp#27;[31mQuando &amp#27;[0m&amp#27;[31mo usuário clica em uma conta disponível&amp#27;[0m                        &amp#27;[90m# com.banking.qa.steps.extrato.ExtratoSteps.clicaEmContaDisponivel()&amp#27;[0m
      &amp#27;[31morg.openqa.selenium.TimeoutException: Expected condition failed: waiting for presence of any elements located by By.cssSelector: a[href*='activity.htm'] (tried for 20 second(s) with 500 milliseconds interval)
Build info: version: '4.18.1', revision: 'b1d3319b48'
System info: os.name: 'Mac OS X', os.arch: 'x86_64', os.version: '15.7.3', java.version: '25.0.2'
Driver info: org.openqa.selenium.chrome.ChromeDriver
Capabilities {acceptInsecureCerts: false, browserName: chrome, browserVersion: 147.0.7727.119, chrome: {chromedriverVersion: 147.0.7727.117 (474cc805edd..., userDataDir: /var/folders/pw/z_1c8mb11pz...}, fedcm:accounts: true, goog:chromeOptions: {debuggerAddress: localhost:59019}, goog:processID: 36727, networkConnectionEnabled: false, pageLoadStrategy: normal, platformName: mac, proxy: Proxy(), se:cdp: ws://localhost:59019/devtoo..., se:cdpVersion: 147.0.7727.119, setWindowRect: true, strictFileInteractability: false, timeouts: {implicit: 0, pageLoad: 300000, script: 30000}, unhandledPromptBehavior: dismiss and notify, webauthn:extension:credBlob: true, webauthn:extension:largeBlob: true, webauthn:extension:minPinLength: true, webauthn:extension:prf: true, webauthn:virtualAuthenticators: true}
Session ID: fab8dae7701f1ba4aeddfeb5883d685d
	at org.openqa.selenium.support.ui.WebDriverWait.timeoutException(WebDriverWait.java:84)
	at org.openqa.selenium.support.ui.FluentWait.until(FluentWait.java:228)
	at com.banking.qa.steps.extrato.ExtratoSteps.clicaEmContaDisponivel(ExtratoSteps.java:37)
	at ✽.o usuário clica em uma conta disponível(classpath:features/extrato.feature:21)
&amp#27;[0m
  &amp#27;[36mE &amp#27;[0m&amp#27;[36mfiltra as transações pelo período &amp#27;[0m&amp#27;[36m&amp#27;[1m"All"&amp#27;[0m                             &amp#27;[90m# com.banking.qa.steps.extrato.ExtratoSteps.filtraPorPeriodo(java.lang.String)&amp#27;[0m
  &amp#27;[36mEntão &amp#27;[0m&amp#27;[36ma lista de transações deve ser exibida&amp#27;[0m                          &amp#27;[90m# com.banking.qa.steps.extrato.ExtratoSteps.listaTransacoesExibida()&amp#27;[0m

    Embedding screenshot-falha [image/png 143174 bytes]

]]></system-out>
    <system-err><![CDATA[[main] INFO io.github.bonigarcia.wdm.WebDriverManager - Using chromedriver 147.0.7727.117 (resolved driver for Chrome 147)
[main] INFO io.github.bonigarcia.wdm.WebDriverManager - Exporting webdriver.chrome.driver as /Users/victor/.cache/selenium/chromedriver/mac64/147.0.7727.117/chromedriver
abr. 29, 2026 5:35:51 PM org.openqa.selenium.devtools.CdpVersionFinder findNearestMatch
ADVERTÊNCIA: Unable to find CDP implementation matching 147
abr. 29, 2026 5:35:51 PM org.openqa.selenium.chromium.ChromiumDriver lambda$new$5
ADVERTÊNCIA: Unable to find version of CDP to use for 147.0.7727.119. You may need to include a dependency on a specific version of the CDP using something similar to `org.seleniumhq.selenium:selenium-devtools-v86:4.18.1` where the version ("v86") matches the version of the chromium-based browser you're using and the version number of the artifact is the same as Selenium's.
]]></system-err>
  </testcase>
  <testcase name="Filtrar extrato por período" classname="Extrato e Atividade da Conta" time="6.247">
    <system-out><![CDATA[
@extrato @regressao @positivo
Cenário: Filtrar extrato por período                                    &amp#27;[90m# features/extrato/extrato.feature:20&amp#27;[0m
Iniciando cenário: Filtrar extrato por período
  &amp#27;[32mDado &amp#27;[0m&amp#27;[32mque o usuário está autenticado com usuário &amp#27;[0m&amp#27;[32m&amp#27;[1m"john"&amp#27;[0m&amp#27;[32m e senha &amp#27;[0m&amp#27;[32m&amp#27;[1m"demo"&amp#27;[0m &amp#27;[90m# com.banking.qa.steps.transferencia.TransferenciaSteps.usuarioAutenticado(java.lang.String,java.lang.String)&amp#27;[0m
  &amp#27;[32mE &amp#27;[0m&amp#27;[32macessa a visão geral de contas&amp#27;[0m                                      &amp#27;[90m# com.banking.qa.steps.extrato.ExtratoSteps.acessaVisaoGeralDeContas()&amp#27;[0m
  &amp#27;[32mQuando &amp#27;[0m&amp#27;[32mo usuário clica em uma conta disponível&amp#27;[0m                        &amp#27;[90m# com.banking.qa.steps.extrato.ExtratoSteps.clicaEmContaDisponivel()&amp#27;[0m
  &amp#27;[32mE &amp#27;[0m&amp#27;[32mfiltra as transações pelo período &amp#27;[0m&amp#27;[32m&amp#27;[1m"All"&amp#27;[0m                             &amp#27;[90m# com.banking.qa.steps.extrato.ExtratoSteps.filtraPorPeriodo(java.lang.String)&amp#27;[0m
Transações após filtro: 0
  &amp#27;[32mEntão &amp#27;[0m&amp#27;[32ma lista de transações deve ser exibida&amp#27;[0m                          &amp#27;[90m# com.banking.qa.steps.extrato.ExtratoSteps.listaTransacoesExibida()&amp#27;[0m
]]></system-out>
    <system-err><![CDATA[[main] INFO io.github.bonigarcia.wdm.WebDriverManager - Using chromedriver 147.0.7727.117 (resolved driver for Chrome 147)
[main] INFO io.github.bonigarcia.wdm.WebDriverManager - Exporting webdriver.chrome.driver as /Users/victor/.cache/selenium/chromedriver/mac64/147.0.7727.117/chromedriver
abr. 29, 2026 5:36:45 PM org.openqa.selenium.devtools.CdpVersionFinder findNearestMatch
ADVERTÊNCIA: Unable to find CDP implementation matching 147
abr. 29, 2026 5:36:45 PM org.openqa.selenium.chromium.ChromiumDriver lambda$new$5
ADVERTÊNCIA: Unable to find version of CDP to use for 147.0.7727.119. You may need to include a dependency on a specific version of the CDP using something similar to `org.seleniumhq.selenium:selenium-devtools-v86:4.18.1` where the version ("v86") matches the version of the chromium-based browser you're using and the version number of the artifact is the same as Selenium's.
]]></system-err>
  </testcase>
  <testcase name="Filtrar extrato por tipo de transação - Débito" classname="Extrato e Atividade da Conta" time="3.928">
    <failure message="Login falhou — painel de contas não carregado ==&gt; expected: &lt;true&gt; but was: &lt;false&gt;" type="org.opentest4j.AssertionFailedError"><![CDATA[org.opentest4j.AssertionFailedError: Login falhou — painel de contas não carregado ==> expected: <true> but was: <false>
	at com.banking.qa.steps.transferencia.TransferenciaSteps.usuarioAutenticado(TransferenciaSteps.java:33)
	at ✽.que o usuário está autenticado com usuário "john" e senha "demo"(classpath:features/extrato.feature:9)
]]></failure>
    <system-out><![CDATA[
@extrato @regressao @positivo
Cenário: Filtrar extrato por tipo de transação - Débito                 &amp#27;[90m# features/extrato.feature:26&amp#27;[0m
Iniciando cenário: Filtrar extrato por tipo de transação - Débito
  &amp#27;[31mDado &amp#27;[0m&amp#27;[31mque o usuário está autenticado com usuário &amp#27;[0m&amp#27;[31m&amp#27;[1m"john"&amp#27;[0m&amp#27;[31m e senha &amp#27;[0m&amp#27;[31m&amp#27;[1m"demo"&amp#27;[0m &amp#27;[90m# com.banking.qa.steps.transferencia.TransferenciaSteps.usuarioAutenticado(java.lang.String,java.lang.String)&amp#27;[0m
      &amp#27;[31morg.opentest4j.AssertionFailedError: Login falhou — painel de contas não carregado ==> expected: <true> but was: <false>
	at org.junit.jupiter.api.AssertionFailureBuilder.build(AssertionFailureBuilder.java:151)
	at org.junit.jupiter.api.AssertionFailureBuilder.buildAndThrow(AssertionFailureBuilder.java:132)
	at org.junit.jupiter.api.AssertTrue.failNotTrue(AssertTrue.java:63)
	at org.junit.jupiter.api.AssertTrue.assertTrue(AssertTrue.java:36)
	at org.junit.jupiter.api.Assertions.assertTrue(Assertions.java:214)
	at com.banking.qa.steps.transferencia.TransferenciaSteps.usuarioAutenticado(TransferenciaSteps.java:33)
	at ✽.que o usuário está autenticado com usuário "john" e senha "demo"(classpath:features/extrato.feature:9)
&amp#27;[0m
  &amp#27;[36mE &amp#27;[0m&amp#27;[36macessa a visão geral de contas&amp#27;[0m                                      &amp#27;[90m# com.banking.qa.steps.extrato.ExtratoSteps.acessaVisaoGeralDeContas()&amp#27;[0m
  &amp#27;[36mQuando &amp#27;[0m&amp#27;[36mo usuário clica em uma conta disponível&amp#27;[0m                        &amp#27;[90m# com.banking.qa.steps.extrato.ExtratoSteps.clicaEmContaDisponivel()&amp#27;[0m
  &amp#27;[36mE &amp#27;[0m&amp#27;[36mfiltra as transações pelo período &amp#27;[0m&amp#27;[36m&amp#27;[1m"All"&amp#27;[0m                             &amp#27;[90m# com.banking.qa.steps.extrato.ExtratoSteps.filtraPorPeriodo(java.lang.String)&amp#27;[0m
  &amp#27;[36mE &amp#27;[0m&amp#27;[36mfiltra pelo tipo &amp#27;[0m&amp#27;[36m&amp#27;[1m"Debit"&amp#27;[0m                                            &amp#27;[90m# com.banking.qa.steps.extrato.ExtratoSteps.filtraPorTipo(java.lang.String)&amp#27;[0m
  &amp#27;[36mEntão &amp#27;[0m&amp#27;[36mtodas as transações exibidas devem ser do tipo débito&amp#27;[0m           &amp#27;[90m# com.banking.qa.steps.extrato.ExtratoSteps.transacoesDevemSerDebito()&amp#27;[0m

    Embedding screenshot-falha [image/png 19504 bytes]

]]></system-out>
    <system-err><![CDATA[[main] INFO io.github.bonigarcia.wdm.WebDriverManager - Using chromedriver 147.0.7727.117 (resolved driver for Chrome 147)
[main] INFO io.github.bonigarcia.wdm.WebDriverManager - Exporting webdriver.chrome.driver as /Users/victor/.cache/selenium/chromedriver/mac64/147.0.7727.117/chromedriver
abr. 29, 2026 5:36:26 PM org.openqa.selenium.devtools.CdpVersionFinder findNearestMatch
ADVERTÊNCIA: Unable to find CDP implementation matching 147
abr. 29, 2026 5:36:26 PM org.openqa.selenium.chromium.ChromiumDriver lambda$new$5
ADVERTÊNCIA: Unable to find version of CDP to use for 147.0.7727.119. You may need to include a dependency on a specific version of the CDP using something similar to `org.seleniumhq.selenium:selenium-devtools-v86:4.18.1` where the version ("v86") matches the version of the chromium-based browser you're using and the version number of the artifact is the same as Selenium's.
]]></system-err>
  </testcase>
  <testcase name="Filtrar extrato por tipo de transação - Débito" classname="Extrato e Atividade da Conta" time="29.983">
    <error message="Expected condition failed: waiting for visibility of element located by By.name: username (tried for 15 second(s) with 500 milliseconds interval)&#10;Build info: version: &apos;4.18.1&apos;, revision: &apos;b1d3319b48&apos;&#10;System info: os.name: &apos;Mac OS X&apos;, os.arch: &apos;x86_64&apos;, os.version: &apos;15.7.3&apos;, java.version: &apos;25.0.2&apos;&#10;Driver info: org.openqa.selenium.chrome.ChromeDriver&#10;Capabilities {acceptInsecureCerts: false, browserName: chrome, browserVersion: 147.0.7727.119, chrome: {chromedriverVersion: 147.0.7727.117 (474cc805edd..., userDataDir: /var/folders/pw/z_1c8mb11pz...}, fedcm:accounts: true, goog:chromeOptions: {debuggerAddress: localhost:59181}, goog:processID: 36927, networkConnectionEnabled: false, pageLoadStrategy: normal, platformName: mac, proxy: Proxy(), se:cdp: ws://localhost:59181/devtoo..., se:cdpVersion: 147.0.7727.119, setWindowRect: true, strictFileInteractability: false, timeouts: {implicit: 0, pageLoad: 300000, script: 30000}, unhandledPromptBehavior: dismiss and notify, webauthn:extension:credBlob: true, webauthn:extension:largeBlob: true, webauthn:extension:minPinLength: true, webauthn:extension:prf: true, webauthn:virtualAuthenticators: true}&#10;Session ID: 41becf3d9e51215e583746c443f3a59a" type="org.openqa.selenium.TimeoutException"><![CDATA[org.openqa.selenium.TimeoutException: 
Expected condition failed: waiting for visibility of element located by By.name: username (tried for 15 second(s) with 500 milliseconds interval)
Build info: version: '4.18.1', revision: 'b1d3319b48'
System info: os.name: 'Mac OS X', os.arch: 'x86_64', os.version: '15.7.3', java.version: '25.0.2'
Driver info: org.openqa.selenium.chrome.ChromeDriver
Capabilities {acceptInsecureCerts: false, browserName: chrome, browserVersion: 147.0.7727.119, chrome: {chromedriverVersion: 147.0.7727.117 (474cc805edd..., userDataDir: /var/folders/pw/z_1c8mb11pz...}, fedcm:accounts: true, goog:chromeOptions: {debuggerAddress: localhost:59181}, goog:processID: 36927, networkConnectionEnabled: false, pageLoadStrategy: normal, platformName: mac, proxy: Proxy(), se:cdp: ws://localhost:59181/devtoo..., se:cdpVersion: 147.0.7727.119, setWindowRect: true, strictFileInteractability: false, timeouts: {implicit: 0, pageLoad: 300000, script: 30000}, unhandledPromptBehavior: dismiss and notify, webauthn:extension:credBlob: true, webauthn:extension:largeBlob: true, webauthn:extension:minPinLength: true, webauthn:extension:prf: true, webauthn:virtualAuthenticators: true}
Session ID: 41becf3d9e51215e583746c443f3a59a
	at org.openqa.selenium.support.ui.WebDriverWait.timeoutException(WebDriverWait.java:84)
	at org.openqa.selenium.support.ui.FluentWait.until(FluentWait.java:228)
	at com.banking.qa.pages.BasePage.waitVisible(BasePage.java:24)
	at com.banking.qa.pages.LoginPage.navigate(LoginPage.java:19)
	at com.banking.qa.pages.LoginPage.login(LoginPage.java:35)
	at com.banking.qa.steps.transferencia.TransferenciaSteps.usuarioAutenticado(TransferenciaSteps.java:32)
	at ✽.que o usuário está autenticado com usuário "john" e senha "demo"(classpath:features/extrato/extrato.feature:9)
]]></error>
    <system-out><![CDATA[
@extrato @regressao @positivo
Cenário: Filtrar extrato por tipo de transação - Débito                 &amp#27;[90m# features/extrato/extrato.feature:26&amp#27;[0m
Iniciando cenário: Filtrar extrato por tipo de transação - Débito
  &amp#27;[31mDado &amp#27;[0m&amp#27;[31mque o usuário está autenticado com usuário &amp#27;[0m&amp#27;[31m&amp#27;[1m"john"&amp#27;[0m&amp#27;[31m e senha &amp#27;[0m&amp#27;[31m&amp#27;[1m"demo"&amp#27;[0m &amp#27;[90m# com.banking.qa.steps.transferencia.TransferenciaSteps.usuarioAutenticado(java.lang.String,java.lang.String)&amp#27;[0m
      &amp#27;[31morg.openqa.selenium.TimeoutException: Expected condition failed: waiting for visibility of element located by By.name: username (tried for 15 second(s) with 500 milliseconds interval)
Build info: version: '4.18.1', revision: 'b1d3319b48'
System info: os.name: 'Mac OS X', os.arch: 'x86_64', os.version: '15.7.3', java.version: '25.0.2'
Driver info: org.openqa.selenium.chrome.ChromeDriver
Capabilities {acceptInsecureCerts: false, browserName: chrome, browserVersion: 147.0.7727.119, chrome: {chromedriverVersion: 147.0.7727.117 (474cc805edd..., userDataDir: /var/folders/pw/z_1c8mb11pz...}, fedcm:accounts: true, goog:chromeOptions: {debuggerAddress: localhost:59181}, goog:processID: 36927, networkConnectionEnabled: false, pageLoadStrategy: normal, platformName: mac, proxy: Proxy(), se:cdp: ws://localhost:59181/devtoo..., se:cdpVersion: 147.0.7727.119, setWindowRect: true, strictFileInteractability: false, timeouts: {implicit: 0, pageLoad: 300000, script: 30000}, unhandledPromptBehavior: dismiss and notify, webauthn:extension:credBlob: true, webauthn:extension:largeBlob: true, webauthn:extension:minPinLength: true, webauthn:extension:prf: true, webauthn:virtualAuthenticators: true}
Session ID: 41becf3d9e51215e583746c443f3a59a
	at org.openqa.selenium.support.ui.WebDriverWait.timeoutException(WebDriverWait.java:84)
	at org.openqa.selenium.support.ui.FluentWait.until(FluentWait.java:228)
	at com.banking.qa.pages.BasePage.waitVisible(BasePage.java:24)
	at com.banking.qa.pages.LoginPage.navigate(LoginPage.java:19)
	at com.banking.qa.pages.LoginPage.login(LoginPage.java:35)
	at com.banking.qa.steps.transferencia.TransferenciaSteps.usuarioAutenticado(TransferenciaSteps.java:32)
	at ✽.que o usuário está autenticado com usuário "john" e senha "demo"(classpath:features/extrato/extrato.feature:9)
&amp#27;[0m
  &amp#27;[36mE &amp#27;[0m&amp#27;[36macessa a visão geral de contas&amp#27;[0m                                      &amp#27;[90m# com.banking.qa.steps.extrato.ExtratoSteps.acessaVisaoGeralDeContas()&amp#27;[0m
  &amp#27;[36mQuando &amp#27;[0m&amp#27;[36mo usuário clica em uma conta disponível&amp#27;[0m                        &amp#27;[90m# com.banking.qa.steps.extrato.ExtratoSteps.clicaEmContaDisponivel()&amp#27;[0m
  &amp#27;[36mE &amp#27;[0m&amp#27;[36mfiltra as transações pelo período &amp#27;[0m&amp#27;[36m&amp#27;[1m"All"&amp#27;[0m                             &amp#27;[90m# com.banking.qa.steps.extrato.ExtratoSteps.filtraPorPeriodo(java.lang.String)&amp#27;[0m
  &amp#27;[36mE &amp#27;[0m&amp#27;[36mfiltra pelo tipo &amp#27;[0m&amp#27;[36m&amp#27;[1m"Debit"&amp#27;[0m                                            &amp#27;[90m# com.banking.qa.steps.extrato.ExtratoSteps.filtraPorTipo(java.lang.String)&amp#27;[0m
  &amp#27;[36mEntão &amp#27;[0m&amp#27;[36mtodas as transações exibidas devem ser do tipo débito&amp#27;[0m           &amp#27;[90m# com.banking.qa.steps.extrato.ExtratoSteps.transacoesDevemSerDebito()&amp#27;[0m

    Embedding screenshot-falha [image/png 21523 bytes]

]]></system-out>
    <system-err><![CDATA[[main] INFO io.github.bonigarcia.wdm.WebDriverManager - Using chromedriver 147.0.7727.117 (resolved driver for Chrome 147)
[main] INFO io.github.bonigarcia.wdm.WebDriverManager - Exporting webdriver.chrome.driver as /Users/victor/.cache/selenium/chromedriver/mac64/147.0.7727.117/chromedriver
abr. 29, 2026 5:36:51 PM org.openqa.selenium.devtools.CdpVersionFinder findNearestMatch
ADVERTÊNCIA: Unable to find CDP implementation matching 147
abr. 29, 2026 5:36:51 PM org.openqa.selenium.chromium.ChromiumDriver lambda$new$5
ADVERTÊNCIA: Unable to find version of CDP to use for 147.0.7727.119. You may need to include a dependency on a specific version of the CDP using something similar to `org.seleniumhq.selenium:selenium-devtools-v86:4.18.1` where the version ("v86") matches the version of the chromium-based browser you're using and the version number of the artifact is the same as Selenium's.
]]></system-err>
  </testcase>
  <testcase name="Filtrar extrato por tipo de transação - Crédito" classname="Extrato e Atividade da Conta" time="4.835">
    <system-out><![CDATA[
@extrato @regressao @positivo
Cenário: Filtrar extrato por tipo de transação - Crédito                &amp#27;[90m# features/extrato.feature:33&amp#27;[0m
Iniciando cenário: Filtrar extrato por tipo de transação - Crédito
  &amp#27;[32mDado &amp#27;[0m&amp#27;[32mque o usuário está autenticado com usuário &amp#27;[0m&amp#27;[32m&amp#27;[1m"john"&amp#27;[0m&amp#27;[32m e senha &amp#27;[0m&amp#27;[32m&amp#27;[1m"demo"&amp#27;[0m &amp#27;[90m# com.banking.qa.steps.transferencia.TransferenciaSteps.usuarioAutenticado(java.lang.String,java.lang.String)&amp#27;[0m
  &amp#27;[32mE &amp#27;[0m&amp#27;[32macessa a visão geral de contas&amp#27;[0m                                      &amp#27;[90m# com.banking.qa.steps.extrato.ExtratoSteps.acessaVisaoGeralDeContas()&amp#27;[0m
  &amp#27;[32mQuando &amp#27;[0m&amp#27;[32mo usuário clica em uma conta disponível&amp#27;[0m                        &amp#27;[90m# com.banking.qa.steps.extrato.ExtratoSteps.clicaEmContaDisponivel()&amp#27;[0m
  &amp#27;[32mE &amp#27;[0m&amp#27;[32mfiltra as transações pelo período &amp#27;[0m&amp#27;[32m&amp#27;[1m"All"&amp#27;[0m                             &amp#27;[90m# com.banking.qa.steps.extrato.ExtratoSteps.filtraPorPeriodo(java.lang.String)&amp#27;[0m
  &amp#27;[32mE &amp#27;[0m&amp#27;[32mfiltra pelo tipo &amp#27;[0m&amp#27;[32m&amp#27;[1m"Credit"&amp#27;[0m                                           &amp#27;[90m# com.banking.qa.steps.extrato.ExtratoSteps.filtraPorTipo(java.lang.String)&amp#27;[0m
Transações de crédito encontradas: 0
  &amp#27;[32mEntão &amp#27;[0m&amp#27;[32mtodas as transações exibidas devem ser do tipo crédito&amp#27;[0m          &amp#27;[90m# com.banking.qa.steps.extrato.ExtratoSteps.transacoesDevemSerCredito()&amp#27;[0m
]]></system-out>
    <system-err><![CDATA[[main] INFO io.github.bonigarcia.wdm.WebDriverManager - Using chromedriver 147.0.7727.117 (resolved driver for Chrome 147)
[main] INFO io.github.bonigarcia.wdm.WebDriverManager - Exporting webdriver.chrome.driver as /Users/victor/.cache/selenium/chromedriver/mac64/147.0.7727.117/chromedriver
abr. 29, 2026 5:36:30 PM org.openqa.selenium.devtools.CdpVersionFinder findNearestMatch
ADVERTÊNCIA: Unable to find CDP implementation matching 147
abr. 29, 2026 5:36:30 PM org.openqa.selenium.chromium.ChromiumDriver lambda$new$5
ADVERTÊNCIA: Unable to find version of CDP to use for 147.0.7727.119. You may need to include a dependency on a specific version of the CDP using something similar to `org.seleniumhq.selenium:selenium-devtools-v86:4.18.1` where the version ("v86") matches the version of the chromium-based browser you're using and the version number of the artifact is the same as Selenium's.
]]></system-err>
  </testcase>
  <testcase name="Filtrar extrato por tipo de transação - Crédito" classname="Extrato e Atividade da Conta" time="7.428">
    <failure message="Login falhou — painel de contas não carregado ==&gt; expected: &lt;true&gt; but was: &lt;false&gt;" type="org.opentest4j.AssertionFailedError"><![CDATA[org.opentest4j.AssertionFailedError: Login falhou — painel de contas não carregado ==> expected: <true> but was: <false>
	at com.banking.qa.steps.transferencia.TransferenciaSteps.usuarioAutenticado(TransferenciaSteps.java:33)
	at ✽.que o usuário está autenticado com usuário "john" e senha "demo"(classpath:features/extrato/extrato.feature:9)
]]></failure>
    <system-out><![CDATA[
@extrato @regressao @positivo
Cenário: Filtrar extrato por tipo de transação - Crédito                &amp#27;[90m# features/extrato/extrato.feature:33&amp#27;[0m
Iniciando cenário: Filtrar extrato por tipo de transação - Crédito
  &amp#27;[31mDado &amp#27;[0m&amp#27;[31mque o usuário está autenticado com usuário &amp#27;[0m&amp#27;[31m&amp#27;[1m"john"&amp#27;[0m&amp#27;[31m e senha &amp#27;[0m&amp#27;[31m&amp#27;[1m"demo"&amp#27;[0m &amp#27;[90m# com.banking.qa.steps.transferencia.TransferenciaSteps.usuarioAutenticado(java.lang.String,java.lang.String)&amp#27;[0m
      &amp#27;[31morg.opentest4j.AssertionFailedError: Login falhou — painel de contas não carregado ==> expected: <true> but was: <false>
	at org.junit.jupiter.api.AssertionFailureBuilder.build(AssertionFailureBuilder.java:151)
	at org.junit.jupiter.api.AssertionFailureBuilder.buildAndThrow(AssertionFailureBuilder.java:132)
	at org.junit.jupiter.api.AssertTrue.failNotTrue(AssertTrue.java:63)
	at org.junit.jupiter.api.AssertTrue.assertTrue(AssertTrue.java:36)
	at org.junit.jupiter.api.Assertions.assertTrue(Assertions.java:214)
	at com.banking.qa.steps.transferencia.TransferenciaSteps.usuarioAutenticado(TransferenciaSteps.java:33)
	at ✽.que o usuário está autenticado com usuário "john" e senha "demo"(classpath:features/extrato/extrato.feature:9)
&amp#27;[0m
  &amp#27;[36mE &amp#27;[0m&amp#27;[36macessa a visão geral de contas&amp#27;[0m                                      &amp#27;[90m# com.banking.qa.steps.extrato.ExtratoSteps.acessaVisaoGeralDeContas()&amp#27;[0m
  &amp#27;[36mQuando &amp#27;[0m&amp#27;[36mo usuário clica em uma conta disponível&amp#27;[0m                        &amp#27;[90m# com.banking.qa.steps.extrato.ExtratoSteps.clicaEmContaDisponivel()&amp#27;[0m
  &amp#27;[36mE &amp#27;[0m&amp#27;[36mfiltra as transações pelo período &amp#27;[0m&amp#27;[36m&amp#27;[1m"All"&amp#27;[0m                             &amp#27;[90m# com.banking.qa.steps.extrato.ExtratoSteps.filtraPorPeriodo(java.lang.String)&amp#27;[0m
  &amp#27;[36mE &amp#27;[0m&amp#27;[36mfiltra pelo tipo &amp#27;[0m&amp#27;[36m&amp#27;[1m"Credit"&amp#27;[0m                                           &amp#27;[90m# com.banking.qa.steps.extrato.ExtratoSteps.filtraPorTipo(java.lang.String)&amp#27;[0m
  &amp#27;[36mEntão &amp#27;[0m&amp#27;[36mtodas as transações exibidas devem ser do tipo crédito&amp#27;[0m          &amp#27;[90m# com.banking.qa.steps.extrato.ExtratoSteps.transacoesDevemSerCredito()&amp#27;[0m

    Embedding screenshot-falha [image/png 19504 bytes]

]]></system-out>
    <system-err><![CDATA[[main] INFO io.github.bonigarcia.wdm.WebDriverManager - Using chromedriver 147.0.7727.117 (resolved driver for Chrome 147)
[main] INFO io.github.bonigarcia.wdm.WebDriverManager - Exporting webdriver.chrome.driver as /Users/victor/.cache/selenium/chromedriver/mac64/147.0.7727.117/chromedriver
abr. 29, 2026 5:37:21 PM org.openqa.selenium.devtools.CdpVersionFinder findNearestMatch
ADVERTÊNCIA: Unable to find CDP implementation matching 147
abr. 29, 2026 5:37:21 PM org.openqa.selenium.chromium.ChromiumDriver lambda$new$5
ADVERTÊNCIA: Unable to find version of CDP to use for 147.0.7727.119. You may need to include a dependency on a specific version of the CDP using something similar to `org.seleniumhq.selenium:selenium-devtools-v86:4.18.1` where the version ("v86") matches the version of the chromium-based browser you're using and the version number of the artifact is the same as Selenium's.
]]></system-err>
  </testcase>
  <testcase name="Consistência entre interface e banco de dados" classname="Extrato e Atividade da Conta" time="5.278">
    <system-out><![CDATA[
@extrato @regressao @banco_de_dados
Cenário: Consistência entre interface e banco de dados                                       &amp#27;[90m# features/extrato.feature:40&amp#27;[0m
Iniciando cenário: Consistência entre interface e banco de dados
  &amp#27;[32mDado &amp#27;[0m&amp#27;[32mque o usuário está autenticado com usuário &amp#27;[0m&amp#27;[32m&amp#27;[1m"john"&amp#27;[0m&amp#27;[32m e senha &amp#27;[0m&amp#27;[32m&amp#27;[1m"demo"&amp#27;[0m                      &amp#27;[90m# com.banking.qa.steps.transferencia.TransferenciaSteps.usuarioAutenticado(java.lang.String,java.lang.String)&amp#27;[0m
  &amp#27;[32mE &amp#27;[0m&amp#27;[32macessa a visão geral de contas&amp#27;[0m                                                           &amp#27;[90m# com.banking.qa.steps.extrato.ExtratoSteps.acessaVisaoGeralDeContas()&amp#27;[0m
  &amp#27;[32mQuando &amp#27;[0m&amp#27;[32mo usuário clica em uma conta disponível&amp#27;[0m                                             &amp#27;[90m# com.banking.qa.steps.extrato.ExtratoSteps.clicaEmContaDisponivel()&amp#27;[0m
Saldo na interface: 0.00
Saldo no banco: 1500.00
  &amp#27;[32mEntão &amp#27;[0m&amp#27;[32mo saldo exibido na interface deve corresponder ao valor no banco de dados&amp#27;[0m            &amp#27;[90m# com.banking.qa.steps.extrato.ExtratoSteps.saldoInterfaceCorrespondeAoBanco()&amp#27;[0m
Transações na interface: 0
Transações no banco: 8
  &amp#27;[32mE &amp#27;[0m&amp#27;[32ma quantidade de transações na interface deve corresponder à quantidade no banco de dados&amp#27;[0m &amp#27;[90m# com.banking.qa.steps.extrato.ExtratoSteps.quantidadeTransacoesCorresponde()&amp#27;[0m
]]></system-out>
    <system-err><![CDATA[[main] INFO io.github.bonigarcia.wdm.WebDriverManager - Using chromedriver 147.0.7727.117 (resolved driver for Chrome 147)
[main] INFO io.github.bonigarcia.wdm.WebDriverManager - Exporting webdriver.chrome.driver as /Users/victor/.cache/selenium/chromedriver/mac64/147.0.7727.117/chromedriver
abr. 29, 2026 5:36:35 PM org.openqa.selenium.devtools.CdpVersionFinder findNearestMatch
ADVERTÊNCIA: Unable to find CDP implementation matching 147
abr. 29, 2026 5:36:35 PM org.openqa.selenium.chromium.ChromiumDriver lambda$new$5
ADVERTÊNCIA: Unable to find version of CDP to use for 147.0.7727.119. You may need to include a dependency on a specific version of the CDP using something similar to `org.seleniumhq.selenium:selenium-devtools-v86:4.18.1` where the version ("v86") matches the version of the chromium-based browser you're using and the version number of the artifact is the same as Selenium's.
]]></system-err>
  </testcase>
  <testcase name="Consistência entre interface e banco de dados" classname="Extrato e Atividade da Conta" time="30.218">
    <system-out><![CDATA[
@extrato @regressao @banco_de_dados
Cenário: Consistência entre interface e banco de dados                                       &amp#27;[90m# features/extrato/extrato.feature:40&amp#27;[0m
Iniciando cenário: Consistência entre interface e banco de dados
  &amp#27;[32mDado &amp#27;[0m&amp#27;[32mque o usuário está autenticado com usuário &amp#27;[0m&amp#27;[32m&amp#27;[1m"john"&amp#27;[0m&amp#27;[32m e senha &amp#27;[0m&amp#27;[32m&amp#27;[1m"demo"&amp#27;[0m                      &amp#27;[90m# com.banking.qa.steps.transferencia.TransferenciaSteps.usuarioAutenticado(java.lang.String,java.lang.String)&amp#27;[0m
  &amp#27;[32mE &amp#27;[0m&amp#27;[32macessa a visão geral de contas&amp#27;[0m                                                           &amp#27;[90m# com.banking.qa.steps.extrato.ExtratoSteps.acessaVisaoGeralDeContas()&amp#27;[0m
  &amp#27;[32mQuando &amp#27;[0m&amp#27;[32mo usuário clica em uma conta disponível&amp#27;[0m                                             &amp#27;[90m# com.banking.qa.steps.extrato.ExtratoSteps.clicaEmContaDisponivel()&amp#27;[0m
Saldo na interface: 
Saldo no banco: 1500.00
  &amp#27;[32mEntão &amp#27;[0m&amp#27;[32mo saldo exibido na interface deve corresponder ao valor no banco de dados&amp#27;[0m            &amp#27;[90m# com.banking.qa.steps.extrato.ExtratoSteps.saldoInterfaceCorrespondeAoBanco()&amp#27;[0m
Transações na interface: 0
Transações no banco: 8
  &amp#27;[32mE &amp#27;[0m&amp#27;[32ma quantidade de transações na interface deve corresponder à quantidade no banco de dados&amp#27;[0m &amp#27;[90m# com.banking.qa.steps.extrato.ExtratoSteps.quantidadeTransacoesCorresponde()&amp#27;[0m
]]></system-out>
    <system-err><![CDATA[[main] INFO io.github.bonigarcia.wdm.WebDriverManager - Using chromedriver 147.0.7727.117 (resolved driver for Chrome 147)
[main] INFO io.github.bonigarcia.wdm.WebDriverManager - Exporting webdriver.chrome.driver as /Users/victor/.cache/selenium/chromedriver/mac64/147.0.7727.117/chromedriver
abr. 29, 2026 5:37:29 PM org.openqa.selenium.devtools.CdpVersionFinder findNearestMatch
ADVERTÊNCIA: Unable to find CDP implementation matching 147
abr. 29, 2026 5:37:29 PM org.openqa.selenium.chromium.ChromiumDriver lambda$new$5
ADVERTÊNCIA: Unable to find version of CDP to use for 147.0.7727.119. You may need to include a dependency on a specific version of the CDP using something similar to `org.seleniumhq.selenium:selenium-devtools-v86:4.18.1` where the version ("v86") matches the version of the chromium-based browser you're using and the version number of the artifact is the same as Selenium's.
]]></system-err>
  </testcase>
  <testcase name="Login com credenciais válidas" classname="Login no Sistema Bancário" time="4.842">
    <system-out><![CDATA[
@login @regressao @positivo @smoke
Cenário: Login com credenciais válidas                       &amp#27;[90m# features/login.feature:12&amp#27;[0m
Iniciando cenário: Login com credenciais válidas
  &amp#27;[32mDado &amp#27;[0m&amp#27;[32mque o usuário está na página de login&amp#27;[0m                 &amp#27;[90m# com.banking.qa.steps.login.LoginSteps.usuarioEstaNaPaginaDeLogin()&amp#27;[0m
  &amp#27;[32mQuando &amp#27;[0m&amp#27;[32mo usuário informa o usuário &amp#27;[0m&amp#27;[32m&amp#27;[1m"john"&amp#27;[0m&amp#27;[32m e a senha &amp#27;[0m&amp#27;[32m&amp#27;[1m"demo"&amp#27;[0m &amp#27;[90m# com.banking.qa.steps.login.LoginSteps.usuarioInformaCredenciais(java.lang.String,java.lang.String)&amp#27;[0m
  &amp#27;[32mE &amp#27;[0m&amp#27;[32mclica no botão &amp#27;[0m&amp#27;[32m&amp#27;[1m"Entrar"&amp#27;[0m                                  &amp#27;[90m# com.banking.qa.steps.login.LoginSteps.clicaNoBotao(java.lang.String)&amp#27;[0m
  &amp#27;[32mEntão &amp#27;[0m&amp#27;[32mo sistema deve exibir a mensagem de boas-vindas&amp#27;[0m      &amp#27;[90m# com.banking.qa.steps.login.LoginSteps.sistemaMostraMensagemBoasVindas()&amp#27;[0m
  &amp#27;[32mE &amp#27;[0m&amp#27;[32mo usuário deve ser redirecionado para o painel de contas&amp#27;[0m &amp#27;[90m# com.banking.qa.steps.login.LoginSteps.usuarioRedirecionadoPainelContas()&amp#27;[0m
]]></system-out>
    <system-err><![CDATA[[main] INFO io.github.bonigarcia.wdm.WebDriverManager - Using chromedriver 147.0.7727.117 (resolved driver for Chrome 147)
[main] INFO io.github.bonigarcia.wdm.WebDriverManager - Exporting webdriver.chrome.driver as /Users/victor/.cache/selenium/chromedriver/mac64/147.0.7727.117/chromedriver
abr. 29, 2026 5:37:59 PM org.openqa.selenium.devtools.CdpVersionFinder findNearestMatch
ADVERTÊNCIA: Unable to find CDP implementation matching 147
abr. 29, 2026 5:37:59 PM org.openqa.selenium.chromium.ChromiumDriver lambda$new$5
ADVERTÊNCIA: Unable to find version of CDP to use for 147.0.7727.119. You may need to include a dependency on a specific version of the CDP using something similar to `org.seleniumhq.selenium:selenium-devtools-v86:4.18.1` where the version ("v86") matches the version of the chromium-based browser you're using and the version number of the artifact is the same as Selenium's.
]]></system-err>
  </testcase>
  <testcase name="Login com credenciais válidas" classname="Login no Sistema Bancário" time="3.801">
    <system-out><![CDATA[
@login @regressao @positivo @smoke
Cenário: Login com credenciais válidas                       &amp#27;[90m# features/login/login.feature:12&amp#27;[0m
Iniciando cenário: Login com credenciais válidas
  &amp#27;[32mDado &amp#27;[0m&amp#27;[32mque o usuário está na página de login&amp#27;[0m                 &amp#27;[90m# com.banking.qa.steps.login.LoginSteps.usuarioEstaNaPaginaDeLogin()&amp#27;[0m
  &amp#27;[32mQuando &amp#27;[0m&amp#27;[32mo usuário informa o usuário &amp#27;[0m&amp#27;[32m&amp#27;[1m"john"&amp#27;[0m&amp#27;[32m e a senha &amp#27;[0m&amp#27;[32m&amp#27;[1m"demo"&amp#27;[0m &amp#27;[90m# com.banking.qa.steps.login.LoginSteps.usuarioInformaCredenciais(java.lang.String,java.lang.String)&amp#27;[0m
  &amp#27;[32mE &amp#27;[0m&amp#27;[32mclica no botão &amp#27;[0m&amp#27;[32m&amp#27;[1m"Entrar"&amp#27;[0m                                  &amp#27;[90m# com.banking.qa.steps.login.LoginSteps.clicaNoBotao(java.lang.String)&amp#27;[0m
  &amp#27;[32mEntão &amp#27;[0m&amp#27;[32mo sistema deve exibir a mensagem de boas-vindas&amp#27;[0m      &amp#27;[90m# com.banking.qa.steps.login.LoginSteps.sistemaMostraMensagemBoasVindas()&amp#27;[0m
  &amp#27;[32mE &amp#27;[0m&amp#27;[32mo usuário deve ser redirecionado para o painel de contas&amp#27;[0m &amp#27;[90m# com.banking.qa.steps.login.LoginSteps.usuarioRedirecionadoPainelContas()&amp#27;[0m
]]></system-out>
    <system-err><![CDATA[[main] INFO io.github.bonigarcia.wdm.WebDriverManager - Using chromedriver 147.0.7727.117 (resolved driver for Chrome 147)
[main] INFO io.github.bonigarcia.wdm.WebDriverManager - Exporting webdriver.chrome.driver as /Users/victor/.cache/selenium/chromedriver/mac64/147.0.7727.117/chromedriver
abr. 29, 2026 5:38:33 PM org.openqa.selenium.devtools.CdpVersionFinder findNearestMatch
ADVERTÊNCIA: Unable to find CDP implementation matching 147
abr. 29, 2026 5:38:33 PM org.openqa.selenium.chromium.ChromiumDriver lambda$new$5
ADVERTÊNCIA: Unable to find version of CDP to use for 147.0.7727.119. You may need to include a dependency on a specific version of the CDP using something similar to `org.seleniumhq.selenium:selenium-devtools-v86:4.18.1` where the version ("v86") matches the version of the chromium-based browser you're using and the version number of the artifact is the same as Selenium's.
]]></system-err>
  </testcase>
  <testcase name="Login com senha incorreta" classname="Login no Sistema Bancário" time="4.037">
    <system-out><![CDATA[
@login @regressao @negativo
Cenário: Login com senha incorreta                                                                  &amp#27;[90m# features/login.feature:19&amp#27;[0m
Iniciando cenário: Login com senha incorreta
  &amp#27;[32mDado &amp#27;[0m&amp#27;[32mque o usuário está na página de login&amp#27;[0m                                                        &amp#27;[90m# com.banking.qa.steps.login.LoginSteps.usuarioEstaNaPaginaDeLogin()&amp#27;[0m
  &amp#27;[32mQuando &amp#27;[0m&amp#27;[32mo usuário informa o usuário &amp#27;[0m&amp#27;[32m&amp#27;[1m"john"&amp#27;[0m&amp#27;[32m e a senha &amp#27;[0m&amp#27;[32m&amp#27;[1m"senhaErrada"&amp#27;[0m                                 &amp#27;[90m# com.banking.qa.steps.login.LoginSteps.usuarioInformaCredenciais(java.lang.String,java.lang.String)&amp#27;[0m
  &amp#27;[32mE &amp#27;[0m&amp#27;[32mclica no botão &amp#27;[0m&amp#27;[32m&amp#27;[1m"Entrar"&amp#27;[0m                                                                         &amp#27;[90m# com.banking.qa.steps.login.LoginSteps.clicaNoBotao(java.lang.String)&amp#27;[0m
  &amp#27;[32mEntão &amp#27;[0m&amp#27;[32mo sistema deve exibir a mensagem de erro &amp#27;[0m&amp#27;[32m&amp#27;[1m"The username and password could not be verified."&amp#27;[0m &amp#27;[90m# com.banking.qa.steps.login.LoginSteps.sistemaMostraMensagemErro(java.lang.String)&amp#27;[0m
]]></system-out>
    <system-err><![CDATA[[main] INFO io.github.bonigarcia.wdm.WebDriverManager - Using chromedriver 147.0.7727.117 (resolved driver for Chrome 147)
[main] INFO io.github.bonigarcia.wdm.WebDriverManager - Exporting webdriver.chrome.driver as /Users/victor/.cache/selenium/chromedriver/mac64/147.0.7727.117/chromedriver
abr. 29, 2026 5:38:04 PM org.openqa.selenium.devtools.CdpVersionFinder findNearestMatch
ADVERTÊNCIA: Unable to find CDP implementation matching 147
abr. 29, 2026 5:38:04 PM org.openqa.selenium.chromium.ChromiumDriver lambda$new$5
ADVERTÊNCIA: Unable to find version of CDP to use for 147.0.7727.119. You may need to include a dependency on a specific version of the CDP using something similar to `org.seleniumhq.selenium:selenium-devtools-v86:4.18.1` where the version ("v86") matches the version of the chromium-based browser you're using and the version number of the artifact is the same as Selenium's.
]]></system-err>
  </testcase>
  <testcase name="Login com senha incorreta" classname="Login no Sistema Bancário" time="3.952">
    <system-out><![CDATA[
@login @regressao @negativo
Cenário: Login com senha incorreta                                                                  &amp#27;[90m# features/login/login.feature:19&amp#27;[0m
Iniciando cenário: Login com senha incorreta
  &amp#27;[32mDado &amp#27;[0m&amp#27;[32mque o usuário está na página de login&amp#27;[0m                                                        &amp#27;[90m# com.banking.qa.steps.login.LoginSteps.usuarioEstaNaPaginaDeLogin()&amp#27;[0m
  &amp#27;[32mQuando &amp#27;[0m&amp#27;[32mo usuário informa o usuário &amp#27;[0m&amp#27;[32m&amp#27;[1m"john"&amp#27;[0m&amp#27;[32m e a senha &amp#27;[0m&amp#27;[32m&amp#27;[1m"senhaErrada"&amp#27;[0m                                 &amp#27;[90m# com.banking.qa.steps.login.LoginSteps.usuarioInformaCredenciais(java.lang.String,java.lang.String)&amp#27;[0m
  &amp#27;[32mE &amp#27;[0m&amp#27;[32mclica no botão &amp#27;[0m&amp#27;[32m&amp#27;[1m"Entrar"&amp#27;[0m                                                                         &amp#27;[90m# com.banking.qa.steps.login.LoginSteps.clicaNoBotao(java.lang.String)&amp#27;[0m
  &amp#27;[32mEntão &amp#27;[0m&amp#27;[32mo sistema deve exibir a mensagem de erro &amp#27;[0m&amp#27;[32m&amp#27;[1m"The username and password could not be verified."&amp#27;[0m &amp#27;[90m# com.banking.qa.steps.login.LoginSteps.sistemaMostraMensagemErro(java.lang.String)&amp#27;[0m
]]></system-out>
    <system-err><![CDATA[[main] INFO io.github.bonigarcia.wdm.WebDriverManager - Using chromedriver 147.0.7727.117 (resolved driver for Chrome 147)
[main] INFO io.github.bonigarcia.wdm.WebDriverManager - Exporting webdriver.chrome.driver as /Users/victor/.cache/selenium/chromedriver/mac64/147.0.7727.117/chromedriver
abr. 29, 2026 5:38:37 PM org.openqa.selenium.devtools.CdpVersionFinder findNearestMatch
ADVERTÊNCIA: Unable to find CDP implementation matching 147
abr. 29, 2026 5:38:37 PM org.openqa.selenium.chromium.ChromiumDriver lambda$new$5
ADVERTÊNCIA: Unable to find version of CDP to use for 147.0.7727.119. You may need to include a dependency on a specific version of the CDP using something similar to `org.seleniumhq.selenium:selenium-devtools-v86:4.18.1` where the version ("v86") matches the version of the chromium-based browser you're using and the version number of the artifact is the same as Selenium's.
]]></system-err>
  </testcase>
  <testcase name="Login com usuário em branco" classname="Login no Sistema Bancário" time="3.172">
    <system-out><![CDATA[
@login @regressao @negativo
Cenário: Login com usuário em branco                        &amp#27;[90m# features/login.feature:25&amp#27;[0m
Iniciando cenário: Login com usuário em branco
  &amp#27;[32mDado &amp#27;[0m&amp#27;[32mque o usuário está na página de login&amp#27;[0m                &amp#27;[90m# com.banking.qa.steps.login.LoginSteps.usuarioEstaNaPaginaDeLogin()&amp#27;[0m
  &amp#27;[32mQuando &amp#27;[0m&amp#27;[32mo usuário informa o usuário &amp#27;[0m&amp#27;[32m&amp#27;[1m""&amp#27;[0m&amp#27;[32m e a senha &amp#27;[0m&amp#27;[32m&amp#27;[1m"demo"&amp#27;[0m    &amp#27;[90m# com.banking.qa.steps.login.LoginSteps.usuarioInformaCredenciais(java.lang.String,java.lang.String)&amp#27;[0m
  &amp#27;[32mE &amp#27;[0m&amp#27;[32mclica no botão &amp#27;[0m&amp#27;[32m&amp#27;[1m"Entrar"&amp#27;[0m                                 &amp#27;[90m# com.banking.qa.steps.login.LoginSteps.clicaNoBotao(java.lang.String)&amp#27;[0m
  &amp#27;[32mEntão &amp#27;[0m&amp#27;[32mo sistema deve exibir mensagem de erro de validação&amp#27;[0m &amp#27;[90m# com.banking.qa.steps.login.LoginSteps.sistemaMostraMensagemErroValidacao()&amp#27;[0m
]]></system-out>
    <system-err><![CDATA[[main] INFO io.github.bonigarcia.wdm.WebDriverManager - Using chromedriver 147.0.7727.117 (resolved driver for Chrome 147)
[main] INFO io.github.bonigarcia.wdm.WebDriverManager - Exporting webdriver.chrome.driver as /Users/victor/.cache/selenium/chromedriver/mac64/147.0.7727.117/chromedriver
abr. 29, 2026 5:38:08 PM org.openqa.selenium.devtools.CdpVersionFinder findNearestMatch
ADVERTÊNCIA: Unable to find CDP implementation matching 147
abr. 29, 2026 5:38:08 PM org.openqa.selenium.chromium.ChromiumDriver lambda$new$5
ADVERTÊNCIA: Unable to find version of CDP to use for 147.0.7727.119. You may need to include a dependency on a specific version of the CDP using something similar to `org.seleniumhq.selenium:selenium-devtools-v86:4.18.1` where the version ("v86") matches the version of the chromium-based browser you're using and the version number of the artifact is the same as Selenium's.
]]></system-err>
  </testcase>
  <testcase name="Login com usuário em branco" classname="Login no Sistema Bancário" time="3.272">
    <system-out><![CDATA[
@login @regressao @negativo
Cenário: Login com usuário em branco                        &amp#27;[90m# features/login/login.feature:25&amp#27;[0m
Iniciando cenário: Login com usuário em branco
  &amp#27;[32mDado &amp#27;[0m&amp#27;[32mque o usuário está na página de login&amp#27;[0m                &amp#27;[90m# com.banking.qa.steps.login.LoginSteps.usuarioEstaNaPaginaDeLogin()&amp#27;[0m
  &amp#27;[32mQuando &amp#27;[0m&amp#27;[32mo usuário informa o usuário &amp#27;[0m&amp#27;[32m&amp#27;[1m""&amp#27;[0m&amp#27;[32m e a senha &amp#27;[0m&amp#27;[32m&amp#27;[1m"demo"&amp#27;[0m    &amp#27;[90m# com.banking.qa.steps.login.LoginSteps.usuarioInformaCredenciais(java.lang.String,java.lang.String)&amp#27;[0m
  &amp#27;[32mE &amp#27;[0m&amp#27;[32mclica no botão &amp#27;[0m&amp#27;[32m&amp#27;[1m"Entrar"&amp#27;[0m                                 &amp#27;[90m# com.banking.qa.steps.login.LoginSteps.clicaNoBotao(java.lang.String)&amp#27;[0m
  &amp#27;[32mEntão &amp#27;[0m&amp#27;[32mo sistema deve exibir mensagem de erro de validação&amp#27;[0m &amp#27;[90m# com.banking.qa.steps.login.LoginSteps.sistemaMostraMensagemErroValidacao()&amp#27;[0m
]]></system-out>
    <system-err><![CDATA[[main] INFO io.github.bonigarcia.wdm.WebDriverManager - Using chromedriver 147.0.7727.117 (resolved driver for Chrome 147)
[main] INFO io.github.bonigarcia.wdm.WebDriverManager - Exporting webdriver.chrome.driver as /Users/victor/.cache/selenium/chromedriver/mac64/147.0.7727.117/chromedriver
abr. 29, 2026 5:38:41 PM org.openqa.selenium.devtools.CdpVersionFinder findNearestMatch
ADVERTÊNCIA: Unable to find CDP implementation matching 147
abr. 29, 2026 5:38:41 PM org.openqa.selenium.chromium.ChromiumDriver lambda$new$5
ADVERTÊNCIA: Unable to find version of CDP to use for 147.0.7727.119. You may need to include a dependency on a specific version of the CDP using something similar to `org.seleniumhq.selenium:selenium-devtools-v86:4.18.1` where the version ("v86") matches the version of the chromium-based browser you're using and the version number of the artifact is the same as Selenium's.
]]></system-err>
  </testcase>
  <testcase name="Login com ambos os campos em branco" classname="Login no Sistema Bancário" time="2.747">
    <system-out><![CDATA[
@login @regressao @negativo
Cenário: Login com ambos os campos em branco                &amp#27;[90m# features/login.feature:31&amp#27;[0m
Iniciando cenário: Login com ambos os campos em branco
  &amp#27;[32mDado &amp#27;[0m&amp#27;[32mque o usuário está na página de login&amp#27;[0m                &amp#27;[90m# com.banking.qa.steps.login.LoginSteps.usuarioEstaNaPaginaDeLogin()&amp#27;[0m
  &amp#27;[32mQuando &amp#27;[0m&amp#27;[32mo usuário informa o usuário &amp#27;[0m&amp#27;[32m&amp#27;[1m""&amp#27;[0m&amp#27;[32m e a senha &amp#27;[0m&amp#27;[32m&amp#27;[1m""&amp#27;[0m        &amp#27;[90m# com.banking.qa.steps.login.LoginSteps.usuarioInformaCredenciais(java.lang.String,java.lang.String)&amp#27;[0m
[...]
  &amp#27;[32mE &amp#27;[0m&amp#27;[32macessa a página de transferência de fundos&amp#27;[0m                          &amp#27;[90m# com.banking.qa.steps.transferencia.TransferenciaSteps.acessaPaginaTransferencia()&amp#27;[0m
  &amp#27;[32mQuando &amp#27;[0m&amp#27;[32mo usuário informa o valor &amp#27;[0m&amp#27;[32m&amp#27;[1m"0"&amp#27;[0m                                  &amp#27;[90m# com.banking.qa.steps.transferencia.TransferenciaSteps.usuarioInformaValor(java.lang.String)&amp#27;[0m
  &amp#27;[32mE &amp#27;[0m&amp#27;[32mseleciona a conta de origem disponível&amp#27;[0m                              &amp#27;[90m# com.banking.qa.steps.transferencia.TransferenciaSteps.selecionaContaOrigem()&amp#27;[0m
  &amp#27;[32mE &amp#27;[0m&amp#27;[32mseleciona uma conta de destino diferente&amp#27;[0m                            &amp#27;[90m# com.banking.qa.steps.transferencia.TransferenciaSteps.selecionaContaDestino()&amp#27;[0m
  &amp#27;[32mE &amp#27;[0m&amp#27;[32mconfirma a transferência&amp#27;[0m                                            &amp#27;[90m# com.banking.qa.steps.transferencia.TransferenciaSteps.confirmaTransferencia()&amp#27;[0m
  &amp#27;[31mEntão &amp#27;[0m&amp#27;[31mo sistema deve exibir mensagem de erro&amp#27;[0m                          &amp#27;[90m# com.banking.qa.steps.transferencia.TransferenciaSteps.sistemaMostraMensagemErroTransferencia()&amp#27;[0m
      &amp#27;[31morg.opentest4j.AssertionFailedError: Esperava mensagem de erro, mas nenhuma foi exibida ==> expected: <true> but was: <false>
	at org.junit.jupiter.api.AssertionFailureBuilder.build(AssertionFailureBuilder.java:151)
	at org.junit.jupiter.api.AssertionFailureBuilder.buildAndThrow(AssertionFailureBuilder.java:132)
	at org.junit.jupiter.api.AssertTrue.failNotTrue(AssertTrue.java:63)
	at org.junit.jupiter.api.AssertTrue.assertTrue(AssertTrue.java:36)
	at org.junit.jupiter.api.Assertions.assertTrue(Assertions.java:214)
	at com.banking.qa.steps.transferencia.TransferenciaSteps.sistemaMostraMensagemErroTransferencia(TransferenciaSteps.java:116)
	at ✽.o sistema deve exibir mensagem de erro(classpath:features/transferencia/transferencia.feature:37)
&amp#27;[0m

    Embedding screenshot-falha [image/png 134445 bytes]

]]></system-out>
    <system-err><![CDATA[[main] INFO io.github.bonigarcia.wdm.WebDriverManager - Using chromedriver 147.0.7727.117 (resolved driver for Chrome 147)
[main] INFO io.github.bonigarcia.wdm.WebDriverManager - Exporting webdriver.chrome.driver as /Users/victor/.cache/selenium/chromedriver/mac64/147.0.7727.117/chromedriver
abr. 29, 2026 5:41:11 PM org.openqa.selenium.devtools.CdpVersionFinder findNearestMatch
ADVERTÊNCIA: Unable to find CDP implementation matching 147
abr. 29, 2026 5:41:11 PM org.openqa.selenium.chromium.ChromiumDriver lambda$new$5
ADVERTÊNCIA: Unable to find version of CDP to use for 147.0.7727.119. You may need to include a dependency on a specific version of the CDP using something similar to `org.seleniumhq.selenium:selenium-devtools-v86:4.18.1` where the version ("v86") matches the version of the chromium-based browser you're using and the version number of the artifact is the same as Selenium's.
]]></system-err>
  </testcase>
  <testcase name="Tentativa de transferência sem informar valor" classname="Transferência entre Contas" time="12.283">
    <failure message="Esperava mensagem de erro, mas nenhuma foi exibida ==&gt; expected: &lt;true&gt; but was: &lt;false&gt;" type="org.opentest4j.AssertionFailedError"><![CDATA[org.opentest4j.AssertionFailedError: Esperava mensagem de erro, mas nenhuma foi exibida ==> expected: <true> but was: <false>
	at com.banking.qa.steps.transferencia.TransferenciaSteps.sistemaMostraMensagemErroTransferencia(TransferenciaSteps.java:116)
	at ✽.o sistema deve exibir mensagem de erro(classpath:features/transferencia.feature:46)
]]></failure>
    <system-out><![CDATA[
@transferencia @regressao @negativo @bug
Cenário: Tentativa de transferência sem informar valor                  &amp#27;[90m# features/transferencia.feature:40&amp#27;[0m
Iniciando cenário: Tentativa de transferência sem informar valor
  &amp#27;[32mDado &amp#27;[0m&amp#27;[32mque o usuário está autenticado com usuário &amp#27;[0m&amp#27;[32m&amp#27;[1m"john"&amp#27;[0m&amp#27;[32m e senha &amp#27;[0m&amp#27;[32m&amp#27;[1m"demo"&amp#27;[0m &amp#27;[90m# com.banking.qa.steps.transferencia.TransferenciaSteps.usuarioAutenticado(java.lang.String,java.lang.String)&amp#27;[0m
  &amp#27;[32mE &amp#27;[0m&amp#27;[32macessa a página de transferência de fundos&amp#27;[0m                          &amp#27;[90m# com.banking.qa.steps.transferencia.TransferenciaSteps.acessaPaginaTransferencia()&amp#27;[0m
  &amp#27;[32mQuando &amp#27;[0m&amp#27;[32mo usuário não informa o valor da transferência&amp#27;[0m                 &amp#27;[90m# com.banking.qa.steps.transferencia.TransferenciaSteps.usuarioNaoInformaValor()&amp#27;[0m
  &amp#27;[32mE &amp#27;[0m&amp#27;[32mseleciona a conta de origem disponível&amp#27;[0m                              &amp#27;[90m# com.banking.qa.steps.transferencia.TransferenciaSteps.selecionaContaOrigem()&amp#27;[0m
  &amp#27;[32mE &amp#27;[0m&amp#27;[32mseleciona uma conta de destino diferente&amp#27;[0m                            &amp#27;[90m# com.banking.qa.steps.transferencia.TransferenciaSteps.selecionaContaDestino()&amp#27;[0m
  &amp#27;[32mE &amp#27;[0m&amp#27;[32mconfirma a transferência&amp#27;[0m                                            &amp#27;[90m# com.banking.qa.steps.transferencia.TransferenciaSteps.confirmaTransferencia()&amp#27;[0m
  &amp#27;[31mEntão &amp#27;[0m&amp#27;[31mo sistema deve exibir mensagem de erro&amp#27;[0m                          &amp#27;[90m# com.banking.qa.steps.transferencia.TransferenciaSteps.sistemaMostraMensagemErroTransferencia()&amp#27;[0m
      &amp#27;[31morg.opentest4j.AssertionFailedError: Esperava mensagem de erro, mas nenhuma foi exibida ==> expected: <true> but was: <false>
	at org.junit.jupiter.api.AssertionFailureBuilder.build(AssertionFailureBuilder.java:151)
	at org.junit.jupiter.api.AssertionFailureBuilder.buildAndThrow(AssertionFailureBuilder.java:132)
	at org.junit.jupiter.api.AssertTrue.failNotTrue(AssertTrue.java:63)
	at org.junit.jupiter.api.AssertTrue.assertTrue(AssertTrue.java:36)
	at org.junit.jupiter.api.Assertions.assertTrue(Assertions.java:214)
	at com.banking.qa.steps.transferencia.TransferenciaSteps.sistemaMostraMensagemErroTransferencia(TransferenciaSteps.java:116)
	at ✽.o sistema deve exibir mensagem de erro(classpath:features/transferencia.feature:46)
&amp#27;[0m

    Embedding screenshot-falha [image/png 126554 bytes]

]]></system-out>
    <system-err><![CDATA[[main] INFO io.github.bonigarcia.wdm.WebDriverManager - Using chromedriver 147.0.7727.117 (resolved driver for Chrome 147)
[main] INFO io.github.bonigarcia.wdm.WebDriverManager - Exporting webdriver.chrome.driver as /Users/victor/.cache/selenium/chromedriver/mac64/147.0.7727.117/chromedriver
abr. 29, 2026 5:40:35 PM org.openqa.selenium.devtools.CdpVersionFinder findNearestMatch
ADVERTÊNCIA: Unable to find CDP implementation matching 147
abr. 29, 2026 5:40:35 PM org.openqa.selenium.chromium.ChromiumDriver lambda$new$5
ADVERTÊNCIA: Unable to find version of CDP to use for 147.0.7727.119. You may need to include a dependency on a specific version of the CDP using something similar to `org.seleniumhq.selenium:selenium-devtools-v86:4.18.1` where the version ("v86") matches the version of the chromium-based browser you're using and the version number of the artifact is the same as Selenium's.
]]></system-err>
  </testcase>
  <testcase name="Tentativa de transferência sem informar valor" classname="Transferência entre Contas" time="10.697">
    <failure message="Esperava mensagem de erro, mas nenhuma foi exibida ==&gt; expected: &lt;true&gt; but was: &lt;false&gt;" type="org.opentest4j.AssertionFailedError"><![CDATA[org.opentest4j.AssertionFailedError: Esperava mensagem de erro, mas nenhuma foi exibida ==> expected: <true> but was: <false>
	at com.banking.qa.steps.transferencia.TransferenciaSteps.sistemaMostraMensagemErroTransferencia(TransferenciaSteps.java:116)
	at ✽.o sistema deve exibir mensagem de erro(classpath:features/transferencia/transferencia.feature:46)
]]></failure>
    <system-out><![CDATA[
@transferencia @regressao @negativo @bug
Cenário: Tentativa de transferência sem informar valor                  &amp#27;[90m# features/transferencia/transferencia.feature:40&amp#27;[0m
Iniciando cenário: Tentativa de transferência sem informar valor
  &amp#27;[32mDado &amp#27;[0m&amp#27;[32mque o usuário está autenticado com usuário &amp#27;[0m&amp#27;[32m&amp#27;[1m"john"&amp#27;[0m&amp#27;[32m e senha &amp#27;[0m&amp#27;[32m&amp#27;[1m"demo"&amp#27;[0m &amp#27;[90m# com.banking.qa.steps.transferencia.TransferenciaSteps.usuarioAutenticado(java.lang.String,java.lang.String)&amp#27;[0m
  &amp#27;[32mE &amp#27;[0m&amp#27;[32macessa a página de transferência de fundos&amp#27;[0m                          &amp#27;[90m# com.banking.qa.steps.transferencia.TransferenciaSteps.acessaPaginaTransferencia()&amp#27;[0m
  &amp#27;[32mQuando &amp#27;[0m&amp#27;[32mo usuário não informa o valor da transferência&amp#27;[0m                 &amp#27;[90m# com.banking.qa.steps.transferencia.TransferenciaSteps.usuarioNaoInformaValor()&amp#27;[0m
  &amp#27;[32mE &amp#27;[0m&amp#27;[32mseleciona a conta de origem disponível&amp#27;[0m                              &amp#27;[90m# com.banking.qa.steps.transferencia.TransferenciaSteps.selecionaContaOrigem()&amp#27;[0m
  &amp#27;[32mE &amp#27;[0m&amp#27;[32mseleciona uma conta de destino diferente&amp#27;[0m                            &amp#27;[90m# com.banking.qa.steps.transferencia.TransferenciaSteps.selecionaContaDestino()&amp#27;[0m
  &amp#27;[32mE &amp#27;[0m&amp#27;[32mconfirma a transferência&amp#27;[0m                                            &amp#27;[90m# com.banking.qa.steps.transferencia.TransferenciaSteps.confirmaTransferencia()&amp#27;[0m
  &amp#27;[31mEntão &amp#27;[0m&amp#27;[31mo sistema deve exibir mensagem de erro&amp#27;[0m                          &amp#27;[90m# com.banking.qa.steps.transferencia.TransferenciaSteps.sistemaMostraMensagemErroTransferencia()&amp#27;[0m
      &amp#27;[31morg.opentest4j.AssertionFailedError: Esperava mensagem de erro, mas nenhuma foi exibida ==> expected: <true> but was: <false>
	at org.junit.jupiter.api.AssertionFailureBuilder.build(AssertionFailureBuilder.java:151)
	at org.junit.jupiter.api.AssertionFailureBuilder.buildAndThrow(AssertionFailureBuilder.java:132)
	at org.junit.jupiter.api.AssertTrue.failNotTrue(AssertTrue.java:63)
	at org.junit.jupiter.api.AssertTrue.assertTrue(AssertTrue.java:36)
	at org.junit.jupiter.api.Assertions.assertTrue(Assertions.java:214)
	at com.banking.qa.steps.transferencia.TransferenciaSteps.sistemaMostraMensagemErroTransferencia(TransferenciaSteps.java:116)
	at ✽.o sistema deve exibir mensagem de erro(classpath:features/transferencia/transferencia.feature:46)
&amp#27;[0m

    Embedding screenshot-falha [image/png 126554 bytes]

]]></system-out>
    <system-err><![CDATA[[main] INFO io.github.bonigarcia.wdm.WebDriverManager - Using chromedriver 147.0.7727.117 (resolved driver for Chrome 147)
[main] INFO io.github.bonigarcia.wdm.WebDriverManager - Exporting webdriver.chrome.driver as /Users/victor/.cache/selenium/chromedriver/mac64/147.0.7727.117/chromedriver
abr. 29, 2026 5:41:23 PM org.openqa.selenium.devtools.CdpVersionFinder findNearestMatch
ADVERTÊNCIA: Unable to find CDP implementation matching 147
abr. 29, 2026 5:41:23 PM org.openqa.selenium.chromium.ChromiumDriver lambda$new$5
ADVERTÊNCIA: Unable to find version of CDP to use for 147.0.7727.119. You may need to include a dependency on a specific version of the CDP using something similar to `org.seleniumhq.selenium:selenium-devtools-v86:4.18.1` where the version ("v86") matches the version of the chromium-based browser you're using and the version number of the artifact is the same as Selenium's.
]]></system-err>
  </testcase>
  <testcase name="Validação da transferência no banco de dados" classname="Transferência entre Contas" time="13.972">
    <system-out><![CDATA[
@transferencia @regressao @banco_de_dados
Cenário: Validação da transferência no banco de dados                   &amp#27;[90m# features/transferencia.feature:49&amp#27;[0m
Iniciando cenário: Validação da transferência no banco de dados
  &amp#27;[32mDado &amp#27;[0m&amp#27;[32mque o usuário está autenticado com usuário &amp#27;[0m&amp#27;[32m&amp#27;[1m"john"&amp#27;[0m&amp#27;[32m e senha &amp#27;[0m&amp#27;[32m&amp#27;[1m"demo"&amp#27;[0m &amp#27;[90m# com.banking.qa.steps.transferencia.TransferenciaSteps.usuarioAutenticado(java.lang.String,java.lang.String)&amp#27;[0m
  &amp#27;[32mE &amp#27;[0m&amp#27;[32macessa a página de transferência de fundos&amp#27;[0m                          &amp#27;[90m# com.banking.qa.steps.transferencia.TransferenciaSteps.acessaPaginaTransferencia()&amp#27;[0m
  &amp#27;[32mQuando &amp#27;[0m&amp#27;[32mo usuário informa o valor &amp#27;[0m&amp#27;[32m&amp#27;[1m"50.00"&amp#27;[0m                              &amp#27;[90m# com.banking.qa.steps.transferencia.TransferenciaSteps.usuarioInformaValor(java.lang.String)&amp#27;[0m
  &amp#27;[32mE &amp#27;[0m&amp#27;[32mseleciona a conta de origem disponível&amp#27;[0m                              &amp#27;[90m# com.banking.qa.steps.transferencia.TransferenciaSteps.selecionaContaOrigem()&amp#27;[0m
  &amp#27;[32mE &amp#27;[0m&amp#27;[32mseleciona uma conta de destino diferente&amp#27;[0m                            &amp#27;[90m# com.banking.qa.steps.transferencia.TransferenciaSteps.selecionaContaDestino()&amp#27;[0m
  &amp#27;[32mE &amp#27;[0m&amp#27;[32mconfirma a transferência&amp#27;[0m                                            &amp#27;[90m# com.banking.qa.steps.transferencia.TransferenciaSteps.confirmaTransferencia()&amp#27;[0m
  &amp#27;[32mEntão &amp#27;[0m&amp#27;[32mo sistema deve exibir mensagem de sucesso &amp#27;[0m&amp#27;[32m&amp#27;[1m"Transfer Complete!"&amp#27;[0m  &amp#27;[90m# com.banking.qa.steps.transferencia.TransferenciaSteps.sistemaMostraMensagemSucesso(java.lang.String)&amp#27;[0m
AVISO: Banco não disponível: ERROR: column "transaction.id" must appear in the GROUP BY clause or be used in an aggregate function
  Posição: 79
  &amp#27;[32mE &amp#27;[0m&amp#27;[32ma transação deve estar registrada na tabela &amp#27;[0m&amp#27;[32m&amp#27;[1m"TRANSACTION"&amp#27;[0m&amp#27;[32m do banco&amp#27;[0m  &amp#27;[90m# com.banking.qa.steps.transferencia.TransferenciaSteps.transacaoRegistradaNoBanco(java.lang.String)&amp#27;[0m
INFO: Transação encontrada no banco: Funds Transfer Sent
  &amp#27;[32mE &amp#27;[0m&amp#27;[32mo tipo da transação deve ser &amp#27;[0m&amp#27;[32m&amp#27;[1m"Funds Transfer Sent"&amp#27;[0m                  &amp#27;[90m# com.banking.qa.steps.transferencia.TransferenciaSteps.tipoTransacaoCorreto(java.lang.String)&amp#27;[0m
]]></system-out>
    <system-err><![CDATA[[main] INFO io.github.bonigarcia.wdm.WebDriverManager - Using chromedriver 147.0.7727.117 (resolved driver for Chrome 147)
[main] INFO io.github.bonigarcia.wdm.WebDriverManager - Exporting webdriver.chrome.driver as /Users/victor/.cache/selenium/chromedriver/mac64/147.0.7727.117/chromedriver
abr. 29, 2026 5:40:47 PM org.openqa.selenium.devtools.CdpVersionFinder findNearestMatch
ADVERTÊNCIA: Unable to find CDP implementation matching 147
abr. 29, 2026 5:40:47 PM org.openqa.selenium.chromium.ChromiumDriver lambda$new$5
ADVERTÊNCIA: Unable to find version of CDP to use for 147.0.7727.119. You may need to include a dependency on a specific version of the CDP using something similar to `org.seleniumhq.selenium:selenium-devtools-v86:4.18.1` where the version ("v86") matches the version of the chromium-based browser you're using and the version number of the artifact is the same as Selenium's.
]]></system-err>
  </testcase>
  <testcase name="Validação da transferência no banco de dados" classname="Transferência entre Contas" time="5.316">
    <system-out><![CDATA[
@transferencia @regressao @banco_de_dados
Cenário: Validação da transferência no banco de dados                   &amp#27;[90m# features/transferencia/transferencia.feature:49&amp#27;[0m
Iniciando cenário: Validação da transferência no banco de dados
  &amp#27;[32mDado &amp#27;[0m&amp#27;[32mque o usuário está autenticado com usuário &amp#27;[0m&amp#27;[32m&amp#27;[1m"john"&amp#27;[0m&amp#27;[32m e senha &amp#27;[0m&amp#27;[32m&amp#27;[1m"demo"&amp#27;[0m &amp#27;[90m# com.banking.qa.steps.transferencia.TransferenciaSteps.usuarioAutenticado(java.lang.String,java.lang.String)&amp#27;[0m
  &amp#27;[32mE &amp#27;[0m&amp#27;[32macessa a página de transferência de fundos&amp#27;[0m                          &amp#27;[90m# com.banking.qa.steps.transferencia.TransferenciaSteps.acessaPaginaTransferencia()&amp#27;[0m
  &amp#27;[32mQuando &amp#27;[0m&amp#27;[32mo usuário informa o valor &amp#27;[0m&amp#27;[32m&amp#27;[1m"50.00"&amp#27;[0m                              &amp#27;[90m# com.banking.qa.steps.transferencia.TransferenciaSteps.usuarioInformaValor(java.lang.String)&amp#27;[0m
  &amp#27;[32mE &amp#27;[0m&amp#27;[32mseleciona a conta de origem disponível&amp#27;[0m                              &amp#27;[90m# com.banking.qa.steps.transferencia.TransferenciaSteps.selecionaContaOrigem()&amp#27;[0m
  &amp#27;[32mE &amp#27;[0m&amp#27;[32mseleciona uma conta de destino diferente&amp#27;[0m                            &amp#27;[90m# com.banking.qa.steps.transferencia.TransferenciaSteps.selecionaContaDestino()&amp#27;[0m
  &amp#27;[32mE &amp#27;[0m&amp#27;[32mconfirma a transferência&amp#27;[0m                                            &amp#27;[90m# com.banking.qa.steps.transferencia.TransferenciaSteps.confirmaTransferencia()&amp#27;[0m
  &amp#27;[32mEntão &amp#27;[0m&amp#27;[32mo sistema deve exibir mensagem de sucesso &amp#27;[0m&amp#27;[32m&amp#27;[1m"Transfer Complete!"&amp#27;[0m  &amp#27;[90m# com.banking.qa.steps.transferencia.TransferenciaSteps.sistemaMostraMensagemSucesso(java.lang.String)&amp#27;[0m
AVISO: Banco não disponível: ERROR: column "transaction.id" must appear in the GROUP BY clause or be used in an aggregate function
  Posição: 79
  &amp#27;[32mE &amp#27;[0m&amp#27;[32ma transação deve estar registrada na tabela &amp#27;[0m&amp#27;[32m&amp#27;[1m"TRANSACTION"&amp#27;[0m&amp#27;[32m do banco&amp#27;[0m  &amp#27;[90m# com.banking.qa.steps.transferencia.TransferenciaSteps.transacaoRegistradaNoBanco(java.lang.String)&amp#27;[0m
INFO: Transação encontrada no banco: Funds Transfer Sent
  &amp#27;[32mE &amp#27;[0m&amp#27;[32mo tipo da transação deve ser &amp#27;[0m&amp#27;[32m&amp#27;[1m"Funds Transfer Sent"&amp#27;[0m                  &amp#27;[90m# com.banking.qa.steps.transferencia.TransferenciaSteps.tipoTransacaoCorreto(java.lang.String)&amp#27;[0m
]]></system-out>
    <system-err><![CDATA[[main] INFO io.github.bonigarcia.wdm.WebDriverManager - Using chromedriver 147.0.7727.117 (resolved driver for Chrome 147)
[main] INFO io.github.bonigarcia.wdm.WebDriverManager - Exporting webdriver.chrome.driver as /Users/victor/.cache/selenium/chromedriver/mac64/147.0.7727.117/chromedriver
abr. 29, 2026 5:41:34 PM org.openqa.selenium.devtools.CdpVersionFinder findNearestMatch
ADVERTÊNCIA: Unable to find CDP implementation matching 147
abr. 29, 2026 5:41:34 PM org.openqa.selenium.chromium.ChromiumDriver lambda$new$5
ADVERTÊNCIA: Unable to find version of CDP to use for 147.0.7727.119. You may need to include a dependency on a specific version of the CDP using something similar to `org.seleniumhq.selenium:selenium-devtools-v86:4.18.1` where the version ("v86") matches the version of the chromium-based browser you're using and the version number of the artifact is the same as Selenium's.
]]></system-err>
  </testcase>
</testsuite>